# JRE version: Java(TM) SE Runtime Environment (8.0_181-b13) (build 1.8.0_181-b13)
# Java VM: Java HotSpot(TM) 64-Bit Server VM (25.181-b13 mixed mode windows-amd64 compressed oops)
Heap:
 PSYoungGen      total 201216K, used 53514K [0x00000000d6100000, 0x00000000e3b00000, 0x0000000100000000)
  eden space 179200K, 29% used [0x00000000d6100000,0x00000000d9542b48,0x00000000e1000000)
  from space 22016K, 0% used [0x00000000e1000000,0x00000000e1000000,0x00000000e2580000)
  to   space 19968K, 0% used [0x00000000e2780000,0x00000000e2780000,0x00000000e3b00000)
 ParOldGen       total 122880K, used 49904K [0x0000000082200000, 0x0000000089a00000, 0x00000000d6100000)
  object space 122880K, 40% used [0x0000000082200000,0x00000000852bc3b0,0x0000000089a00000)
 Metaspace       used 36427K, capacity 38576K, committed 38784K, reserved 1083392K
  class space    used 4840K, capacity 5225K, committed 5248K, reserved 1048576K
GC Heap History (10 events):
Event: 2.683 GC heap before
{Heap before GC invocations=9 (full 1):
 PSYoungGen      total 87040K, used 83613K [0x00000000d6100000, 0x00000000dfd80000, 0x0000000100000000)
  eden space 69632K, 99% used [0x00000000d6100000,0x00000000da4f3928,0x00000000da500000)
  from space 17408K, 80% used [0x00000000da500000,0x00000000db2b3bb0,0x00000000db600000)
  to   space 18432K, 0% used [0x00000000deb80000,0x00000000deb80000,0x00000000dfd80000)
 ParOldGen       total 60416K, used 21005K [0x0000000082200000, 0x0000000085d00000, 0x00000000d6100000)
  object space 60416K, 34% used [0x0000000082200000,0x00000000836836c8,0x0000000085d00000)
 Metaspace       used 28012K, capacity 30036K, committed 30208K, reserved 1075200K
  class space    used 3973K, capacity 4337K, committed 4352K, reserved 1048576K
Event: 2.693 GC heap after
Heap after GC invocations=9 (full 1):
 PSYoungGen      total 140800K, used 13953K [0x00000000d6100000, 0x00000000e0500000, 0x0000000100000000)
  eden space 122368K, 0% used [0x00000000d6100000,0x00000000d6100000,0x00000000dd880000)
  from space 18432K, 75% used [0x00000000deb80000,0x00000000df920428,0x00000000dfd80000)
  to   space 19456K, 0% used [0x00000000dd880000,0x00000000dd880000,0x00000000deb80000)
 ParOldGen       total 60416K, used 21013K [0x0000000082200000, 0x0000000085d00000, 0x00000000d6100000)
  object space 60416K, 34% used [0x0000000082200000,0x00000000836856c8,0x0000000085d00000)
 Metaspace       used 28012K, capacity 30036K, committed 30208K, reserved 1075200K
  class space    used 3973K, capacity 4337K, committed 4352K, reserved 1048576K
}
Event: 3.564 GC heap before
{Heap before GC invocations=10 (full 1):
 PSYoungGen      total 140800K, used 136321K [0x00000000d6100000, 0x00000000e0500000, 0x0000000100000000)
  eden space 122368K, 100% used [0x00000000d6100000,0x00000000dd880000,0x00000000dd880000)
  from space 18432K, 75% used [0x00000000deb80000,0x00000000df920428,0x00000000dfd80000)
  to   space 19456K, 0% used [0x00000000dd880000,0x00000000dd880000,0x00000000deb80000)
 ParOldGen       total 60416K, used 21013K [0x0000000082200000, 0x0000000085d00000, 0x00000000d6100000)
  object space 60416K, 34% used [0x0000000082200000,0x00000000836856e0,0x0000000085d00000)
 Metaspace       used 28630K, capacity 30770K, committed 31104K, reserved 1075200K
  class space    used 4016K, capacity 4394K, committed 4480K, reserved 1048576K
Event: 3.576 GC heap after
Heap after GC invocations=10 (full 1):
 PSYoungGen      total 141824K, used 16037K [0x00000000d6100000, 0x00000000e3b80000, 0x0000000100000000)
  eden space 122368K, 0% used [0x00000000d6100000,0x00000000d6100000,0x00000000dd880000)
  from space 19456K, 82% used [0x00000000dd880000,0x00000000de829690,0x00000000deb80000)
  to   space 20480K, 0% used [0x00000000e2780000,0x00000000e2780000,0x00000000e3b80000)
 ParOldGen       total 60416K, used 22205K [0x0000000082200000, 0x0000000085d00000, 0x00000000d6100000)
  object space 60416K, 36% used [0x0000000082200000,0x00000000837af6e0,0x0000000085d00000)
 Metaspace       used 28630K, capacity 30770K, committed 31104K, reserved 1075200K
  class space    used 4016K, capacity 4394K, committed 4480K, reserved 1048576K
}
Event: 8.697 GC heap before
{Heap before GC invocations=11 (full 1):
 PSYoungGen      total 141824K, used 138405K [0x00000000d6100000, 0x00000000e3b80000, 0x0000000100000000)
  eden space 122368K, 100% used [0x00000000d6100000,0x00000000dd880000,0x00000000dd880000)
  from space 19456K, 82% used [0x00000000dd880000,0x00000000de829690,0x00000000deb80000)
  to   space 20480K, 0% used [0x00000000e2780000,0x00000000e2780000,0x00000000e3b80000)
 ParOldGen       total 60416K, used 22207K [0x0000000082200000, 0x0000000085d00000, 0x00000000d6100000)
  object space 60416K, 36% used [0x0000000082200000,0x00000000837afeb8,0x0000000085d00000)
 Metaspace       used 30159K, capacity 32280K, committed 32384K, reserved 1077248K
  class space    used 4086K, capacity 4453K, committed 4480K, reserved 1048576K
Event: 8.713 GC heap after
Heap after GC invocations=11 (full 1):
 PSYoungGen      total 199168K, used 17624K [0x00000000d6100000, 0x00000000e3b00000, 0x0000000100000000)
  eden space 179200K, 0% used [0x00000000d6100000,0x00000000d6100000,0x00000000e1000000)
  from space 19968K, 88% used [0x00000000e2780000,0x00000000e38b61b0,0x00000000e3b00000)
  to   space 22016K, 0% used [0x00000000e1000000,0x00000000e1000000,0x00000000e2580000)
 ParOldGen       total 60416K, used 33461K [0x0000000082200000, 0x0000000085d00000, 0x00000000d6100000)
  object space 60416K, 55% used [0x0000000082200000,0x00000000842ad588,0x0000000085d00000)
 Metaspace       used 30159K, capacity 32280K, committed 32384K, reserved 1077248K
  class space    used 4086K, capacity 4453K, committed 4480K, reserved 1048576K
}
Event: 9.136 GC heap before
{Heap before GC invocations=12 (full 1):
 PSYoungGen      total 199168K, used 46808K [0x00000000d6100000, 0x00000000e3b00000, 0x0000000100000000)
  eden space 179200K, 16% used [0x00000000d6100000,0x00000000d7d7ffe0,0x00000000e1000000)
  from space 19968K, 88% used [0x00000000e2780000,0x00000000e38b61b0,0x00000000e3b00000)
  to   space 22016K, 0% used [0x00000000e1000000,0x00000000e1000000,0x00000000e2580000)
 ParOldGen       total 60416K, used 33461K [0x0000000082200000, 0x0000000085d00000, 0x00000000d6100000)
  object space 60416K, 55% used [0x0000000082200000,0x00000000842ad588,0x0000000085d00000)
 Metaspace       used 33249K, capacity 35320K, committed 35456K, reserved 1079296K
  class space    used 4482K, capacity 4869K, committed 4992K, reserved 1048576K
Event: 9.143 GC heap after
Heap after GC invocations=12 (full 1):
 PSYoungGen      total 201216K, used 19091K [0x00000000d6100000, 0x00000000e3b00000, 0x0000000100000000)
  eden space 179200K, 0% used [0x00000000d6100000,0x00000000d6100000,0x00000000e1000000)
  from space 22016K, 86% used [0x00000000e1000000,0x00000000e22a4d58,0x00000000e2580000)
  to   space 19968K, 0% used [0x00000000e2780000,0x00000000e2780000,0x00000000e3b00000)
 ParOldGen       total 60416K, used 33469K [0x0000000082200000, 0x0000000085d00000, 0x00000000d6100000)
  object space 60416K, 55% used [0x0000000082200000,0x00000000842af588,0x0000000085d00000)
 Metaspace       used 33249K, capacity 35320K, committed 35456K, reserved 1079296K
  class space    used 4482K, capacity 4869K, committed 4992K, reserved 1048576K
}
Event: 9.143 GC heap before
{Heap before GC invocations=13 (full 2):
 PSYoungGen      total 201216K, used 19091K [0x00000000d6100000, 0x00000000e3b00000, 0x0000000100000000)
  eden space 179200K, 0% used [0x00000000d6100000,0x00000000d6100000,0x00000000e1000000)
  from space 22016K, 86% used [0x00000000e1000000,0x00000000e22a4d58,0x00000000e2580000)
  to   space 19968K, 0% used [0x00000000e2780000,0x00000000e2780000,0x00000000e3b00000)
 ParOldGen       total 60416K, used 33469K [0x0000000082200000, 0x0000000085d00000, 0x00000000d6100000)
  object space 60416K, 55% used [0x0000000082200000,0x00000000842af588,0x0000000085d00000)
 Metaspace       used 33249K, capacity 35320K, committed 35456K, reserved 1079296K
  class space    used 4482K, capacity 4869K, committed 4992K, reserved 1048576K
Event: 9.296 GC heap after
Heap after GC invocations=13 (full 2):
 PSYoungGen      total 201216K, used 0K [0x00000000d6100000, 0x00000000e3b00000, 0x0000000100000000)
  eden space 179200K, 0% used [0x00000000d6100000,0x00000000d6100000,0x00000000e1000000)
  from space 22016K, 0% used [0x00000000e1000000,0x00000000e1000000,0x00000000e2580000)
  to   space 19968K, 0% used [0x00000000e2780000,0x00000000e2780000,0x00000000e3b00000)
 ParOldGen       total 122880K, used 49904K [0x0000000082200000, 0x0000000089a00000, 0x00000000d6100000)
  object space 122880K, 40% used [0x0000000082200000,0x00000000852bc3b0,0x0000000089a00000)
 Metaspace       used 33238K, capacity 35302K, committed 35456K, reserved 1079296K
  class space    used 4480K, capacity 4866K, committed 4992K, reserved 1048576K
}

