# JRE version: Java(TM) SE Runtime Environment (8.0_181-b13) (build 1.8.0_181-b13)
# Java VM: Java HotSpot(TM) 64-Bit Server VM (25.181-b13 mixed mode windows-amd64 compressed oops)
Heap:
 PSYoungGen      total 140800K, used 34190K [0x00000000d6100000, 0x00000000e0300000, 0x0000000100000000)
  eden space 121344K, 15% used [0x00000000d6100000,0x00000000d730beb0,0x00000000dd780000)
  from space 19456K, 80% used [0x00000000dd780000,0x00000000de6d7ab8,0x00000000dea80000)
  to   space 18944K, 0% used [0x00000000dea80000,0x00000000dea80000,0x00000000dfd00000)
 ParOldGen       total 58368K, used 23349K [0x0000000082200000, 0x0000000085b00000, 0x00000000d6100000)
  object space 58368K, 40% used [0x0000000082200000,0x00000000838cd4c0,0x0000000085b00000)
 Metaspace       used 29088K, capacity 31150K, committed 31360K, reserved 1077248K
  class space    used 4036K, capacity 4394K, committed 4480K, reserved 1048576K
GC Heap History (10 events):
Event: 1.977 GC heap before
{Heap before GC invocations=6 (full 1):
 PSYoungGen      total 53760K, used 53744K [0x00000000d6100000, 0x00000000dab00000, 0x0000000100000000)
  eden space 48640K, 100% used [0x00000000d6100000,0x00000000d9080000,0x00000000d9080000)
  from space 5120K, 99% used [0x00000000da600000,0x00000000daafc230,0x00000000dab00000)
  to   space 5120K, 0% used [0x00000000da100000,0x00000000da100000,0x00000000da600000)
 ParOldGen       total 58368K, used 8576K [0x0000000082200000, 0x0000000085b00000, 0x00000000d6100000)
  object space 58368K, 14% used [0x0000000082200000,0x0000000082a60378,0x0000000085b00000)
 Metaspace       used 26677K, capacity 28672K, committed 28800K, reserved 1073152K
  class space    used 3839K, capacity 4183K, committed 4224K, reserved 1048576K
Event: 1.996 GC heap after
Heap after GC invocations=6 (full 1):
 PSYoungGen      total 70656K, used 5120K [0x00000000d6100000, 0x00000000dc500000, 0x0000000100000000)
  eden space 65536K, 0% used [0x00000000d6100000,0x00000000d6100000,0x00000000da100000)
  from space 5120K, 100% used [0x00000000da100000,0x00000000da600000,0x00000000da600000)
  to   space 15360K, 0% used [0x00000000db600000,0x00000000db600000,0x00000000dc500000)
 ParOldGen       total 58368K, used 21581K [0x0000000082200000, 0x0000000085b00000, 0x00000000d6100000)
  object space 58368K, 36% used [0x0000000082200000,0x00000000837134c0,0x0000000085b00000)
 Metaspace       used 26677K, capacity 28672K, committed 28800K, reserved 1073152K
  class space    used 3839K, capacity 4183K, committed 4224K, reserved 1048576K
}
Event: 2.553 GC heap before
{Heap before GC invocations=7 (full 1):
 PSYoungGen      total 70656K, used 70595K [0x00000000d6100000, 0x00000000dc500000, 0x0000000100000000)
  eden space 65536K, 99% used [0x00000000d6100000,0x00000000da0f0d60,0x00000000da100000)
  from space 5120K, 100% used [0x00000000da100000,0x00000000da600000,0x00000000da600000)
  to   space 15360K, 0% used [0x00000000db600000,0x00000000db600000,0x00000000dc500000)
 ParOldGen       total 58368K, used 21581K [0x0000000082200000, 0x0000000085b00000, 0x00000000d6100000)
  object space 58368K, 36% used [0x0000000082200000,0x00000000837134c0,0x0000000085b00000)
 Metaspace       used 28009K, capacity 30038K, committed 30208K, reserved 1075200K
  class space    used 3972K, capacity 4338K, committed 4352K, reserved 1048576K
Event: 2.565 GC heap after
Heap after GC invocations=7 (full 1):
 PSYoungGen      total 84992K, used 14093K [0x00000000d6100000, 0x00000000ddf00000, 0x0000000100000000)
  eden space 69632K, 0% used [0x00000000d6100000,0x00000000d6100000,0x00000000da500000)
  from space 15360K, 91% used [0x00000000db600000,0x00000000dc3c37c0,0x00000000dc500000)
  to   space 17408K, 0% used [0x00000000da500000,0x00000000da500000,0x00000000db600000)
 ParOldGen       total 58368K, used 21589K [0x0000000082200000, 0x0000000085b00000, 0x00000000d6100000)
  object space 58368K, 36% used [0x0000000082200000,0x00000000837154c0,0x0000000085b00000)
 Metaspace       used 28009K, capacity 30038K, committed 30208K, reserved 1075200K
  class space    used 3972K, capacity 4338K, committed 4352K, reserved 1048576K
}
Event: 2.579 GC heap before
{Heap before GC invocations=8 (full 1):
 PSYoungGen      total 84992K, used 83633K [0x00000000d6100000, 0x00000000ddf00000, 0x0000000100000000)
  eden space 69632K, 99% used [0x00000000d6100000,0x00000000da4e9010,0x00000000da500000)
  from space 15360K, 91% used [0x00000000db600000,0x00000000dc3c37c0,0x00000000dc500000)
  to   space 17408K, 0% used [0x00000000da500000,0x00000000da500000,0x00000000db600000)
 ParOldGen       total 58368K, used 21589K [0x0000000082200000, 0x0000000085b00000, 0x00000000d6100000)
  object space 58368K, 36% used [0x0000000082200000,0x00000000837154c0,0x0000000085b00000)
 Metaspace       used 28010K, capacity 30038K, committed 30208K, reserved 1075200K
  class space    used 3972K, capacity 4338K, committed 4352K, reserved 1048576K
Event: 2.589 GC heap after
Heap after GC invocations=8 (full 1):
 PSYoungGen      total 87040K, used 14017K [0x00000000d6100000, 0x00000000dfd00000, 0x0000000100000000)
  eden space 69632K, 0% used [0x00000000d6100000,0x00000000d6100000,0x00000000da500000)
  from space 17408K, 80% used [0x00000000da500000,0x00000000db2b0748,0x00000000db600000)
  to   space 18944K, 0% used [0x00000000dea80000,0x00000000dea80000,0x00000000dfd00000)
 ParOldGen       total 58368K, used 21597K [0x0000000082200000, 0x0000000085b00000, 0x00000000d6100000)
  object space 58368K, 37% used [0x0000000082200000,0x00000000837174c0,0x0000000085b00000)
 Metaspace       used 28010K, capacity 30038K, committed 30208K, reserved 1075200K
  class space    used 3972K, capacity 4338K, committed 4352K, reserved 1048576K
}
Event: 2.602 GC heap before
{Heap before GC invocations=9 (full 1):
 PSYoungGen      total 87040K, used 83623K [0x00000000d6100000, 0x00000000dfd00000, 0x0000000100000000)
  eden space 69632K, 99% used [0x00000000d6100000,0x00000000da4f94f0,0x00000000da500000)
  from space 17408K, 80% used [0x00000000da500000,0x00000000db2b0748,0x00000000db600000)
  to   space 18944K, 0% used [0x00000000dea80000,0x00000000dea80000,0x00000000dfd00000)
 ParOldGen       total 58368K, used 21597K [0x0000000082200000, 0x0000000085b00000, 0x00000000d6100000)
  object space 58368K, 37% used [0x0000000082200000,0x00000000837174c0,0x0000000085b00000)
 Metaspace       used 28019K, capacity 30050K, committed 30208K, reserved 1075200K
  class space    used 3973K, capacity 4340K, committed 4352K, reserved 1048576K
Event: 2.612 GC heap after
Heap after GC invocations=9 (full 1):
 PSYoungGen      total 140288K, used 13837K [0x00000000d6100000, 0x00000000e0300000, 0x0000000100000000)
  eden space 121344K, 0% used [0x00000000d6100000,0x00000000d6100000,0x00000000dd780000)
  from space 18944K, 73% used [0x00000000dea80000,0x00000000df803738,0x00000000dfd00000)
  to   space 19456K, 0% used [0x00000000dd780000,0x00000000dd780000,0x00000000dea80000)
 ParOldGen       total 58368K, used 21605K [0x0000000082200000, 0x0000000085b00000, 0x00000000d6100000)
  object space 58368K, 37% used [0x0000000082200000,0x00000000837194c0,0x0000000085b00000)
 Metaspace       used 28019K, capacity 30050K, committed 30208K, reserved 1075200K
  class space    used 3973K, capacity 4340K, committed 4352K, reserved 1048576K
}
Event: 3.221 GC heap before
{Heap before GC invocations=10 (full 1):
 PSYoungGen      total 140288K, used 135181K [0x00000000d6100000, 0x00000000e0300000, 0x0000000100000000)
  eden space 121344K, 100% used [0x00000000d6100000,0x00000000dd780000,0x00000000dd780000)
  from space 18944K, 73% used [0x00000000dea80000,0x00000000df803738,0x00000000dfd00000)
  to   space 19456K, 0% used [0x00000000dd780000,0x00000000dd780000,0x00000000dea80000)
 ParOldGen       total 58368K, used 21605K [0x0000000082200000, 0x0000000085b00000, 0x00000000d6100000)
  object space 58368K, 37% used [0x0000000082200000,0x00000000837194c0,0x0000000085b00000)
 Metaspace       used 28755K, capacity 30806K, committed 31104K, reserved 1075200K
  class space    used 4022K, capacity 4390K, committed 4480K, reserved 1048576K
Event: 3.232 GC heap after
Heap after GC invocations=10 (full 1):
 PSYoungGen      total 140800K, used 15710K [0x00000000d6100000, 0x00000000e0300000, 0x0000000100000000)
  eden space 121344K, 0% used [0x00000000d6100000,0x00000000d6100000,0x00000000dd780000)
  from space 19456K, 80% used [0x00000000dd780000,0x00000000de6d7ab8,0x00000000dea80000)
  to   space 18944K, 0% used [0x00000000dea80000,0x00000000dea80000,0x00000000dfd00000)
 ParOldGen       total 58368K, used 23349K [0x0000000082200000, 0x0000000085b00000, 0x00000000d6100000)
  object space 58368K, 40% used [0x0000000082200000,0x00000000838cd4c0,0x0000000085b00000)
 Metaspace       used 28755K, capacity 30806K, committed 31104K, reserved 1075200K
  class space    used 4022K, capacity 4390K, committed 4480K, reserved 1048576K
}

