# JRE version: Java(TM) SE Runtime Environment (8.0_181-b13) (build 1.8.0_181-b13)
# Java VM: Java HotSpot(TM) 64-Bit Server VM (25.181-b13 mixed mode windows-amd64 compressed oops)
Heap:
 PSYoungGen      total 155136K, used 144567K [0x00000000d6100000, 0x00000000e1000000, 0x0000000100000000)
  eden space 137216K, 95% used [0x00000000d6100000,0x00000000de15c940,0x00000000de700000)
  from space 17920K, 73% used [0x00000000df900000,0x00000000e05d15f0,0x00000000e0a80000)
  to   space 18432K, 0% used [0x00000000de700000,0x00000000de700000,0x00000000df900000)
 ParOldGen       total 56832K, used 22045K [0x0000000082200000, 0x0000000085980000, 0x00000000d6100000)
  object space 56832K, 38% used [0x0000000082200000,0x0000000083787620,0x0000000085980000)
 Metaspace       used 29146K, capacity 31224K, committed 31360K, reserved 1077248K
  class space    used 4038K, capacity 4395K, committed 4480K, reserved 1048576K
GC Heap History (10 events):
Event: 1.595 GC heap before
{Heap before GC invocations=5 (full 1):
 PSYoungGen      total 37888K, used 32768K [0x00000000d6100000, 0x00000000dab00000, 0x0000000100000000)
  eden space 32768K, 100% used [0x00000000d6100000,0x00000000d8100000,0x00000000d8100000)
  from space 5120K, 0% used [0x00000000d8100000,0x00000000d8100000,0x00000000d8600000)
  to   space 5120K, 0% used [0x00000000da600000,0x00000000da600000,0x00000000dab00000)
 ParOldGen       total 56832K, used 7427K [0x0000000082200000, 0x0000000085980000, 0x00000000d6100000)
  object space 56832K, 13% used [0x0000000082200000,0x0000000082940df0,0x0000000085980000)
 Metaspace       used 24312K, capacity 25878K, committed 26112K, reserved 1071104K
  class space    used 3517K, capacity 3796K, committed 3840K, reserved 1048576K
Event: 1.603 GC heap after
Heap after GC invocations=5 (full 1):
 PSYoungGen      total 56320K, used 5114K [0x00000000d6100000, 0x00000000dab00000, 0x0000000100000000)
  eden space 51200K, 0% used [0x00000000d6100000,0x00000000d6100000,0x00000000d9300000)
  from space 5120K, 99% used [0x00000000da600000,0x00000000daafeb90,0x00000000dab00000)
  to   space 5120K, 0% used [0x00000000da100000,0x00000000da100000,0x00000000da600000)
 ParOldGen       total 56832K, used 8426K [0x0000000082200000, 0x0000000085980000, 0x00000000d6100000)
  object space 56832K, 14% used [0x0000000082200000,0x0000000082a3ab80,0x0000000085980000)
 Metaspace       used 24312K, capacity 25878K, committed 26112K, reserved 1071104K
  class space    used 3517K, capacity 3796K, committed 3840K, reserved 1048576K
}
Event: 2.435 GC heap before
{Heap before GC invocations=6 (full 1):
 PSYoungGen      total 56320K, used 56314K [0x00000000d6100000, 0x00000000dab00000, 0x0000000100000000)
  eden space 51200K, 100% used [0x00000000d6100000,0x00000000d9300000,0x00000000d9300000)
  from space 5120K, 99% used [0x00000000da600000,0x00000000daafeb90,0x00000000dab00000)
  to   space 5120K, 0% used [0x00000000da100000,0x00000000da100000,0x00000000da600000)
 ParOldGen       total 56832K, used 8426K [0x0000000082200000, 0x0000000085980000, 0x00000000d6100000)
  object space 56832K, 14% used [0x0000000082200000,0x0000000082a3ab80,0x0000000085980000)
 Metaspace       used 26772K, capacity 28732K, committed 28800K, reserved 1073152K
  class space    used 3840K, capacity 4183K, committed 4224K, reserved 1048576K
Event: 2.452 GC heap after
Heap after GC invocations=6 (full 1):
 PSYoungGen      total 70656K, used 5120K [0x00000000d6100000, 0x00000000dcc80000, 0x0000000100000000)
  eden space 65536K, 0% used [0x00000000d6100000,0x00000000d6100000,0x00000000da100000)
  from space 5120K, 100% used [0x00000000da100000,0x00000000da600000,0x00000000da600000)
  to   space 15872K, 0% used [0x00000000dbd00000,0x00000000dbd00000,0x00000000dcc80000)
 ParOldGen       total 56832K, used 22029K [0x0000000082200000, 0x0000000085980000, 0x00000000d6100000)
  object space 56832K, 38% used [0x0000000082200000,0x0000000083783620,0x0000000085980000)
 Metaspace       used 26772K, capacity 28732K, committed 28800K, reserved 1073152K
  class space    used 3840K, capacity 4183K, committed 4224K, reserved 1048576K
}
Event: 3.365 GC heap before
{Heap before GC invocations=7 (full 1):
 PSYoungGen      total 70656K, used 70628K [0x00000000d6100000, 0x00000000dcc80000, 0x0000000100000000)
  eden space 65536K, 99% used [0x00000000d6100000,0x00000000da0f9348,0x00000000da100000)
  from space 5120K, 100% used [0x00000000da100000,0x00000000da600000,0x00000000da600000)
  to   space 15872K, 0% used [0x00000000dbd00000,0x00000000dbd00000,0x00000000dcc80000)
 ParOldGen       total 56832K, used 22029K [0x0000000082200000, 0x0000000085980000, 0x00000000d6100000)
  object space 56832K, 38% used [0x0000000082200000,0x0000000083783620,0x0000000085980000)
 Metaspace       used 28126K, capacity 30118K, committed 30208K, reserved 1075200K
  class space    used 3975K, capacity 4340K, committed 4352K, reserved 1048576K
Event: 3.376 GC heap after
Heap after GC invocations=7 (full 1):
 PSYoungGen      total 92672K, used 13291K [0x00000000d6100000, 0x00000000de180000, 0x0000000100000000)
  eden space 76800K, 0% used [0x00000000d6100000,0x00000000d6100000,0x00000000dac00000)
  from space 15872K, 83% used [0x00000000dbd00000,0x00000000dc9faf00,0x00000000dcc80000)
  to   space 17408K, 0% used [0x00000000dac00000,0x00000000dac00000,0x00000000dbd00000)
 ParOldGen       total 56832K, used 22037K [0x0000000082200000, 0x0000000085980000, 0x00000000d6100000)
  object space 56832K, 38% used [0x0000000082200000,0x0000000083785620,0x0000000085980000)
 Metaspace       used 28126K, capacity 30118K, committed 30208K, reserved 1075200K
  class space    used 3975K, capacity 4340K, committed 4352K, reserved 1048576K
}
Event: 3.391 GC heap before
{Heap before GC invocations=8 (full 1):
 PSYoungGen      total 92672K, used 90071K [0x00000000d6100000, 0x00000000de180000, 0x0000000100000000)
  eden space 76800K, 99% used [0x00000000d6100000,0x00000000dabfae28,0x00000000dac00000)
  from space 15872K, 83% used [0x00000000dbd00000,0x00000000dc9faf00,0x00000000dcc80000)
  to   space 17408K, 0% used [0x00000000dac00000,0x00000000dac00000,0x00000000dbd00000)
 ParOldGen       total 56832K, used 22037K [0x0000000082200000, 0x0000000085980000, 0x00000000d6100000)
  object space 56832K, 38% used [0x0000000082200000,0x0000000083785620,0x0000000085980000)
 Metaspace       used 28134K, capacity 30118K, committed 30208K, reserved 1075200K
  class space    used 3976K, capacity 4340K, committed 4352K, reserved 1048576K
Event: 3.400 GC heap after
Heap after GC invocations=8 (full 1):
 PSYoungGen      total 94208K, used 13119K [0x00000000d6100000, 0x00000000e0a80000, 0x0000000100000000)
  eden space 76800K, 0% used [0x00000000d6100000,0x00000000d6100000,0x00000000dac00000)
  from space 17408K, 75% used [0x00000000dac00000,0x00000000db8cff78,0x00000000dbd00000)
  to   space 17920K, 0% used [0x00000000df900000,0x00000000df900000,0x00000000e0a80000)
 ParOldGen       total 56832K, used 22045K [0x0000000082200000, 0x0000000085980000, 0x00000000d6100000)
  object space 56832K, 38% used [0x0000000082200000,0x0000000083787620,0x0000000085980000)
 Metaspace       used 28134K, capacity 30118K, committed 30208K, reserved 1075200K
  class space    used 3976K, capacity 4340K, committed 4352K, reserved 1048576K
}
Event: 3.419 GC heap before
{Heap before GC invocations=9 (full 1):
 PSYoungGen      total 94208K, used 89803K [0x00000000d6100000, 0x00000000e0a80000, 0x0000000100000000)
  eden space 76800K, 99% used [0x00000000d6100000,0x00000000dabe2f20,0x00000000dac00000)
  from space 17408K, 75% used [0x00000000dac00000,0x00000000db8cff78,0x00000000dbd00000)
  to   space 17920K, 0% used [0x00000000df900000,0x00000000df900000,0x00000000e0a80000)
 ParOldGen       total 56832K, used 22045K [0x0000000082200000, 0x0000000085980000, 0x00000000d6100000)
  object space 56832K, 38% used [0x0000000082200000,0x0000000083787620,0x0000000085980000)
 Metaspace       used 28134K, capacity 30118K, committed 30208K, reserved 1075200K
  class space    used 3976K, capacity 4340K, committed 4352K, reserved 1048576K
Event: 3.428 GC heap after
Heap after GC invocations=9 (full 1):
 PSYoungGen      total 155136K, used 13125K [0x00000000d6100000, 0x00000000e1000000, 0x0000000100000000)
  eden space 137216K, 0% used [0x00000000d6100000,0x00000000d6100000,0x00000000de700000)
  from space 17920K, 73% used [0x00000000df900000,0x00000000e05d15f0,0x00000000e0a80000)
  to   space 18432K, 0% used [0x00000000de700000,0x00000000de700000,0x00000000df900000)
 ParOldGen       total 56832K, used 22045K [0x0000000082200000, 0x0000000085980000, 0x00000000d6100000)
  object space 56832K, 38% used [0x0000000082200000,0x0000000083787620,0x0000000085980000)
 Metaspace       used 28134K, capacity 30118K, committed 30208K, reserved 1075200K
  class space    used 3976K, capacity 4340K, committed 4352K, reserved 1048576K
}

