# JRE version: Java(TM) SE Runtime Environment (8.0_181-b13) (build 1.8.0_181-b13)
# Java VM: Java HotSpot(TM) 64-Bit Server VM (25.181-b13 mixed mode windows-amd64 compressed oops)
Heap:
 PSYoungGen      total 70656K, used 26382K [0x00000000d6100000, 0x00000000dd800000, 0x0000000100000000)
  eden space 65536K, 32% used [0x00000000d6100000,0x00000000d75c3818,0x00000000da100000)
  from space 5120K, 100% used [0x00000000da100000,0x00000000da600000,0x00000000da600000)
  to   space 16896K, 0% used [0x00000000dc780000,0x00000000dc780000,0x00000000dd800000)
 ParOldGen       total 55808K, used 23040K [0x0000000082200000, 0x0000000085880000, 0x00000000d6100000)
  object space 55808K, 41% used [0x0000000082200000,0x00000000838803f8,0x0000000085880000)
 Metaspace       used 27764K, capacity 29736K, committed 29952K, reserved 1075200K
  class space    used 3954K, capacity 4303K, committed 4352K, reserved 1048576K
GC Heap History (10 events):
Event: 2.087 GC heap before
{Heap before GC invocations=2 (full 0):
 PSYoungGen      total 37888K, used 37867K [0x00000000d6100000, 0x00000000d8b00000, 0x0000000100000000)
  eden space 32768K, 99% used [0x00000000d6100000,0x00000000d80febb8,0x00000000d8100000)
  from space 5120K, 99% used [0x00000000d8100000,0x00000000d85fc060,0x00000000d8600000)
  to   space 5120K, 0% used [0x00000000d8600000,0x00000000d8600000,0x00000000d8b00000)
 ParOldGen       total 86016K, used 540K [0x0000000082200000, 0x0000000087600000, 0x00000000d6100000)
  object space 86016K, 0% used [0x0000000082200000,0x00000000822871e8,0x0000000087600000)
 Metaspace       used 19617K, capacity 20570K, committed 20736K, reserved 1067008K
  class space    used 2804K, capacity 3022K, committed 3072K, reserved 1048576K
Event: 2.093 GC heap after
Heap after GC invocations=2 (full 0):
 PSYoungGen      total 37888K, used 5107K [0x00000000d6100000, 0x00000000dab00000, 0x0000000100000000)
  eden space 32768K, 0% used [0x00000000d6100000,0x00000000d6100000,0x00000000d8100000)
  from space 5120K, 99% used [0x00000000d8600000,0x00000000d8afce70,0x00000000d8b00000)
  to   space 5120K, 0% used [0x00000000d8100000,0x00000000d8100000,0x00000000d8600000)
 ParOldGen       total 86016K, used 2736K [0x0000000082200000, 0x0000000087600000, 0x00000000d6100000)
  object space 86016K, 3% used [0x0000000082200000,0x00000000824ac3d8,0x0000000087600000)
 Metaspace       used 19617K, capacity 20570K, committed 20736K, reserved 1067008K
  class space    used 2804K, capacity 3022K, committed 3072K, reserved 1048576K
}
Event: 2.159 GC heap before
{Heap before GC invocations=3 (full 0):
 PSYoungGen      total 37888K, used 8702K [0x00000000d6100000, 0x00000000dab00000, 0x0000000100000000)
  eden space 32768K, 10% used [0x00000000d6100000,0x00000000d6482c98,0x00000000d8100000)
  from space 5120K, 99% used [0x00000000d8600000,0x00000000d8afce70,0x00000000d8b00000)
  to   space 5120K, 0% used [0x00000000d8100000,0x00000000d8100000,0x00000000d8600000)
 ParOldGen       total 86016K, used 2736K [0x0000000082200000, 0x0000000087600000, 0x00000000d6100000)
  object space 86016K, 3% used [0x0000000082200000,0x00000000824ac3d8,0x0000000087600000)
 Metaspace       used 20201K, capacity 21188K, committed 21296K, reserved 1067008K
  class space    used 2896K, capacity 3137K, committed 3200K, reserved 1048576K
Event: 2.163 GC heap after
Heap after GC invocations=3 (full 0):
 PSYoungGen      total 37888K, used 5107K [0x00000000d6100000, 0x00000000dab00000, 0x0000000100000000)
  eden space 32768K, 0% used [0x00000000d6100000,0x00000000d6100000,0x00000000d8100000)
  from space 5120K, 99% used [0x00000000d8100000,0x00000000d85fce60,0x00000000d8600000)
  to   space 5120K, 0% used [0x00000000da600000,0x00000000da600000,0x00000000dab00000)
 ParOldGen       total 86016K, used 3015K [0x0000000082200000, 0x0000000087600000, 0x00000000d6100000)
  object space 86016K, 3% used [0x0000000082200000,0x00000000824f1cb8,0x0000000087600000)
 Metaspace       used 20201K, capacity 21188K, committed 21296K, reserved 1067008K
  class space    used 2896K, capacity 3137K, committed 3200K, reserved 1048576K
}
Event: 2.163 GC heap before
{Heap before GC invocations=4 (full 1):
 PSYoungGen      total 37888K, used 5107K [0x00000000d6100000, 0x00000000dab00000, 0x0000000100000000)
  eden space 32768K, 0% used [0x00000000d6100000,0x00000000d6100000,0x00000000d8100000)
  from space 5120K, 99% used [0x00000000d8100000,0x00000000d85fce60,0x00000000d8600000)
  to   space 5120K, 0% used [0x00000000da600000,0x00000000da600000,0x00000000dab00000)
 ParOldGen       total 86016K, used 3015K [0x0000000082200000, 0x0000000087600000, 0x00000000d6100000)
  object space 86016K, 3% used [0x0000000082200000,0x00000000824f1cb8,0x0000000087600000)
 Metaspace       used 20201K, capacity 21188K, committed 21296K, reserved 1067008K
  class space    used 2896K, capacity 3137K, committed 3200K, reserved 1048576K
Event: 2.197 GC heap after
Heap after GC invocations=4 (full 1):
 PSYoungGen      total 37888K, used 0K [0x00000000d6100000, 0x00000000dab00000, 0x0000000100000000)
  eden space 32768K, 0% used [0x00000000d6100000,0x00000000d6100000,0x00000000d8100000)
  from space 5120K, 0% used [0x00000000d8100000,0x00000000d8100000,0x00000000d8600000)
  to   space 5120K, 0% used [0x00000000da600000,0x00000000da600000,0x00000000dab00000)
 ParOldGen       total 55808K, used 7514K [0x0000000082200000, 0x0000000085880000, 0x00000000d6100000)
  object space 55808K, 13% used [0x0000000082200000,0x0000000082956828,0x0000000085880000)
 Metaspace       used 20194K, capacity 21174K, committed 21296K, reserved 1067008K
  class space    used 2893K, capacity 3132K, committed 3200K, reserved 1048576K
}
Event: 2.830 GC heap before
{Heap before GC invocations=5 (full 1):
 PSYoungGen      total 37888K, used 32768K [0x00000000d6100000, 0x00000000dab00000, 0x0000000100000000)
  eden space 32768K, 100% used [0x00000000d6100000,0x00000000d8100000,0x00000000d8100000)
  from space 5120K, 0% used [0x00000000d8100000,0x00000000d8100000,0x00000000d8600000)
  to   space 5120K, 0% used [0x00000000da600000,0x00000000da600000,0x00000000dab00000)
 ParOldGen       total 55808K, used 7514K [0x0000000082200000, 0x0000000085880000, 0x00000000d6100000)
  object space 55808K, 13% used [0x0000000082200000,0x0000000082956828,0x0000000085880000)
 Metaspace       used 23616K, capacity 25234K, committed 25344K, reserved 1071104K
  class space    used 3440K, capacity 3730K, committed 3840K, reserved 1048576K
Event: 2.849 GC heap after
Heap after GC invocations=5 (full 1):
 PSYoungGen      total 58880K, used 5120K [0x00000000d6100000, 0x00000000dab00000, 0x0000000100000000)
  eden space 53760K, 0% used [0x00000000d6100000,0x00000000d6100000,0x00000000d9580000)
  from space 5120K, 100% used [0x00000000da600000,0x00000000dab00000,0x00000000dab00000)
  to   space 5120K, 0% used [0x00000000da100000,0x00000000da100000,0x00000000da600000)
 ParOldGen       total 55808K, used 8325K [0x0000000082200000, 0x0000000085880000, 0x00000000d6100000)
  object space 55808K, 14% used [0x0000000082200000,0x0000000082a216e8,0x0000000085880000)
 Metaspace       used 23616K, capacity 25234K, committed 25344K, reserved 1071104K
  class space    used 3440K, capacity 3730K, committed 3840K, reserved 1048576K
}
Event: 3.782 GC heap before
{Heap before GC invocations=6 (full 1):
 PSYoungGen      total 58880K, used 58880K [0x00000000d6100000, 0x00000000dab00000, 0x0000000100000000)
  eden space 53760K, 100% used [0x00000000d6100000,0x00000000d9580000,0x00000000d9580000)
  from space 5120K, 100% used [0x00000000da600000,0x00000000dab00000,0x00000000dab00000)
  to   space 5120K, 0% used [0x00000000da100000,0x00000000da100000,0x00000000da600000)
 ParOldGen       total 55808K, used 8325K [0x0000000082200000, 0x0000000085880000, 0x00000000d6100000)
  object space 55808K, 14% used [0x0000000082200000,0x0000000082a216e8,0x0000000085880000)
 Metaspace       used 25253K, capacity 27206K, committed 27392K, reserved 1073152K
  class space    used 3680K, capacity 4018K, committed 4096K, reserved 1048576K
Event: 3.813 GC heap after
Heap after GC invocations=6 (full 1):
 PSYoungGen      total 70656K, used 5120K [0x00000000d6100000, 0x00000000dd800000, 0x0000000100000000)
  eden space 65536K, 0% used [0x00000000d6100000,0x00000000d6100000,0x00000000da100000)
  from space 5120K, 100% used [0x00000000da100000,0x00000000da600000,0x00000000da600000)
  to   space 16896K, 0% used [0x00000000dc780000,0x00000000dc780000,0x00000000dd800000)
 ParOldGen       total 55808K, used 23040K [0x0000000082200000, 0x0000000085880000, 0x00000000d6100000)
  object space 55808K, 41% used [0x0000000082200000,0x00000000838803f8,0x0000000085880000)
 Metaspace       used 25253K, capacity 27206K, committed 27392K, reserved 1073152K
  class space    used 3680K, capacity 4018K, committed 4096K, reserved 1048576K
}

