# JRE version: Java(TM) SE Runtime Environment (8.0_181-b13) (build 1.8.0_181-b13)
# Java VM: Java HotSpot(TM) 64-Bit Server VM (25.181-b13 mixed mode windows-amd64 compressed oops)
Heap:
 PSYoungGen      total 275968K, used 125093K [0x00000000d6100000, 0x00000000eae80000, 0x0000000100000000)
  eden space 252416K, 40% used [0x00000000d6100000,0x00000000dc42f378,0x00000000e5780000)
  from space 23552K, 99% used [0x00000000e7c80000,0x00000000e937a420,0x00000000e9380000)
  to   space 37888K, 0% used [0x00000000e5780000,0x00000000e5780000,0x00000000e7c80000)
 ParOldGen       total 118272K, used 77805K [0x0000000082200000, 0x0000000089580000, 0x00000000d6100000)
  object space 118272K, 65% used [0x0000000082200000,0x0000000086dfb528,0x0000000089580000)
 Metaspace       used 39952K, capacity 42116K, committed 42240K, reserved 1085440K
  class space    used 5209K, capacity 5565K, committed 5632K, reserved 1048576K
GC Heap History (10 events):
Event: 3.562 GC heap before
{Heap before GC invocations=10 (full 1):
 PSYoungGen      total 143872K, used 139202K [0x00000000d6100000, 0x00000000e0680000, 0x0000000100000000)
  eden space 125440K, 100% used [0x00000000d6100000,0x00000000ddb80000,0x00000000ddb80000)
  from space 18432K, 74% used [0x00000000dee80000,0x00000000dfbf0b30,0x00000000e0080000)
  to   space 19456K, 0% used [0x00000000ddb80000,0x00000000ddb80000,0x00000000dee80000)
 ParOldGen       total 58880K, used 21083K [0x0000000082200000, 0x0000000085b80000, 0x00000000d6100000)
  object space 58880K, 35% used [0x0000000082200000,0x0000000083696d28,0x0000000085b80000)
 Metaspace       used 28857K, capacity 30950K, committed 31104K, reserved 1075200K
  class space    used 4027K, capacity 4392K, committed 4480K, reserved 1048576K
Event: 3.572 GC heap after
Heap after GC invocations=10 (full 1):
 PSYoungGen      total 144896K, used 15673K [0x00000000d6100000, 0x00000000e4000000, 0x0000000100000000)
  eden space 125440K, 0% used [0x00000000d6100000,0x00000000d6100000,0x00000000ddb80000)
  from space 19456K, 80% used [0x00000000ddb80000,0x00000000deace6b8,0x00000000dee80000)
  to   space 20480K, 0% used [0x00000000e2c00000,0x00000000e2c00000,0x00000000e4000000)
 ParOldGen       total 58880K, used 22707K [0x0000000082200000, 0x0000000085b80000, 0x00000000d6100000)
  object space 58880K, 38% used [0x0000000082200000,0x000000008382cd28,0x0000000085b80000)
 Metaspace       used 28857K, capacity 30950K, committed 31104K, reserved 1075200K
  class space    used 4027K, capacity 4392K, committed 4480K, reserved 1048576K
}
Event: 8.508 GC heap before
{Heap before GC invocations=11 (full 1):
 PSYoungGen      total 144896K, used 140213K [0x00000000d6100000, 0x00000000e4000000, 0x0000000100000000)
  eden space 125440K, 99% used [0x00000000d6100000,0x00000000dda9ede8,0x00000000ddb80000)
  from space 19456K, 80% used [0x00000000ddb80000,0x00000000deace6b8,0x00000000dee80000)
  to   space 20480K, 0% used [0x00000000e2c00000,0x00000000e2c00000,0x00000000e4000000)
 ParOldGen       total 58880K, used 22707K [0x0000000082200000, 0x0000000085b80000, 0x00000000d6100000)
  object space 58880K, 38% used [0x0000000082200000,0x000000008382cd28,0x0000000085b80000)
 Metaspace       used 31682K, capacity 33826K, committed 34048K, reserved 1079296K
  class space    used 4245K, capacity 4608K, committed 4608K, reserved 1048576K
Event: 8.523 GC heap after
Heap after GC invocations=11 (full 1):
 PSYoungGen      total 204288K, used 19521K [0x00000000d6100000, 0x00000000e4080000, 0x0000000100000000)
  eden space 183808K, 0% used [0x00000000d6100000,0x00000000d6100000,0x00000000e1480000)
  from space 20480K, 95% used [0x00000000e2c00000,0x00000000e3f105a0,0x00000000e4000000)
  to   space 22528K, 0% used [0x00000000e1480000,0x00000000e1480000,0x00000000e2a80000)
 ParOldGen       total 58880K, used 33357K [0x0000000082200000, 0x0000000085b80000, 0x00000000d6100000)
  object space 58880K, 56% used [0x0000000082200000,0x0000000084293738,0x0000000085b80000)
 Metaspace       used 31682K, capacity 33826K, committed 34048K, reserved 1079296K
  class space    used 4245K, capacity 4608K, committed 4608K, reserved 1048576K
}
Event: 8.645 GC heap before
{Heap before GC invocations=12 (full 1):
 PSYoungGen      total 204288K, used 33007K [0x00000000d6100000, 0x00000000e4080000, 0x0000000100000000)
  eden space 183808K, 7% used [0x00000000d6100000,0x00000000d6e2b998,0x00000000e1480000)
  from space 20480K, 95% used [0x00000000e2c00000,0x00000000e3f105a0,0x00000000e4000000)
  to   space 22528K, 0% used [0x00000000e1480000,0x00000000e1480000,0x00000000e2a80000)
 ParOldGen       total 58880K, used 33357K [0x0000000082200000, 0x0000000085b80000, 0x00000000d6100000)
  object space 58880K, 56% used [0x0000000082200000,0x0000000084293738,0x0000000085b80000)
 Metaspace       used 33267K, capacity 35394K, committed 35496K, reserved 1079296K
  class space    used 4449K, capacity 4832K, committed 4864K, reserved 1048576K
Event: 8.652 GC heap after
Heap after GC invocations=12 (full 1):
 PSYoungGen      total 206336K, used 17292K [0x00000000d6100000, 0x00000000e9380000, 0x0000000100000000)
  eden space 183808K, 0% used [0x00000000d6100000,0x00000000d6100000,0x00000000e1480000)
  from space 22528K, 76% used [0x00000000e1480000,0x00000000e25630d0,0x00000000e2a80000)
  to   space 23552K, 0% used [0x00000000e7c80000,0x00000000e7c80000,0x00000000e9380000)
 ParOldGen       total 58880K, used 33357K [0x0000000082200000, 0x0000000085b80000, 0x00000000d6100000)
  object space 58880K, 56% used [0x0000000082200000,0x0000000084293738,0x0000000085b80000)
 Metaspace       used 33267K, capacity 35394K, committed 35496K, reserved 1079296K
  class space    used 4449K, capacity 4832K, committed 4864K, reserved 1048576K
}
Event: 8.652 GC heap before
{Heap before GC invocations=13 (full 2):
 PSYoungGen      total 206336K, used 17292K [0x00000000d6100000, 0x00000000e9380000, 0x0000000100000000)
  eden space 183808K, 0% used [0x00000000d6100000,0x00000000d6100000,0x00000000e1480000)
  from space 22528K, 76% used [0x00000000e1480000,0x00000000e25630d0,0x00000000e2a80000)
  to   space 23552K, 0% used [0x00000000e7c80000,0x00000000e7c80000,0x00000000e9380000)
 ParOldGen       total 58880K, used 33357K [0x0000000082200000, 0x0000000085b80000, 0x00000000d6100000)
  object space 58880K, 56% used [0x0000000082200000,0x0000000084293738,0x0000000085b80000)
 Metaspace       used 33267K, capacity 35394K, committed 35496K, reserved 1079296K
  class space    used 4449K, capacity 4832K, committed 4864K, reserved 1048576K
Event: 8.809 GC heap after
Heap after GC invocations=13 (full 2):
 PSYoungGen      total 206336K, used 0K [0x00000000d6100000, 0x00000000e9380000, 0x0000000100000000)
  eden space 183808K, 0% used [0x00000000d6100000,0x00000000d6100000,0x00000000e1480000)
  from space 22528K, 0% used [0x00000000e1480000,0x00000000e1480000,0x00000000e2a80000)
  to   space 23552K, 0% used [0x00000000e7c80000,0x00000000e7c80000,0x00000000e9380000)
 ParOldGen       total 118272K, used 47998K [0x0000000082200000, 0x0000000089580000, 0x00000000d6100000)
  object space 118272K, 40% used [0x0000000082200000,0x00000000850df828,0x0000000089580000)
 Metaspace       used 33263K, capacity 35388K, committed 35496K, reserved 1079296K
  class space    used 4449K, capacity 4831K, committed 4864K, reserved 1048576K
}
Event: 10.616 GC heap before
{Heap before GC invocations=14 (full 2):
 PSYoungGen      total 206336K, used 183808K [0x00000000d6100000, 0x00000000e9380000, 0x0000000100000000)
  eden space 183808K, 100% used [0x00000000d6100000,0x00000000e1480000,0x00000000e1480000)
  from space 22528K, 0% used [0x00000000e1480000,0x00000000e1480000,0x00000000e2a80000)
  to   space 23552K, 0% used [0x00000000e7c80000,0x00000000e7c80000,0x00000000e9380000)
 ParOldGen       total 118272K, used 47998K [0x0000000082200000, 0x0000000089580000, 0x00000000d6100000)
  object space 118272K, 40% used [0x0000000082200000,0x00000000850df828,0x0000000089580000)
 Metaspace       used 38525K, capacity 40690K, committed 40832K, reserved 1085440K
  class space    used 5090K, capacity 5464K, committed 5504K, reserved 1048576K
Event: 10.647 GC heap after
Heap after GC invocations=14 (full 2):
 PSYoungGen      total 275968K, used 23529K [0x00000000d6100000, 0x00000000eae80000, 0x0000000100000000)
  eden space 252416K, 0% used [0x00000000d6100000,0x00000000d6100000,0x00000000e5780000)
  from space 23552K, 99% used [0x00000000e7c80000,0x00000000e937a420,0x00000000e9380000)
  to   space 37888K, 0% used [0x00000000e5780000,0x00000000e5780000,0x00000000e7c80000)
 ParOldGen       total 118272K, used 77805K [0x0000000082200000, 0x0000000089580000, 0x00000000d6100000)
  object space 118272K, 65% used [0x0000000082200000,0x0000000086dfb528,0x0000000089580000)
 Metaspace       used 38525K, capacity 40690K, committed 40832K, reserved 1085440K
  class space    used 5090K, capacity 5464K, committed 5504K, reserved 1048576K
}

