# JRE version: Java(TM) SE Runtime Environment (8.0_181-b13) (build 1.8.0_181-b13)
# Java VM: Java HotSpot(TM) 64-Bit Server VM (25.181-b13 mixed mode windows-amd64 compressed oops)
Heap:
 PSYoungGen      total 134656K, used 93491K [0x00000000d6100000, 0x00000000e3000000, 0x0000000100000000)
  eden space 114688K, 68% used [0x00000000d6100000,0x00000000dadeb698,0x00000000dd100000)
  from space 19968K, 73% used [0x00000000dd100000,0x00000000ddf61910,0x00000000de480000)
  to   space 20480K, 0% used [0x00000000e1c00000,0x00000000e1c00000,0x00000000e3000000)
 ParOldGen       total 61440K, used 21836K [0x0000000082200000, 0x0000000085e00000, 0x00000000d6100000)
  object space 61440K, 35% used [0x0000000082200000,0x0000000083753158,0x0000000085e00000)
 Metaspace       used 29356K, capacity 31496K, committed 31616K, reserved 1077248K
  class space    used 4054K, capacity 4439K, committed 4480K, reserved 1048576K
GC Heap History (10 events):
Event: 1.934 GC heap before
{Heap before GC invocations=6 (full 1):
 PSYoungGen      total 51712K, used 51704K [0x00000000d6100000, 0x00000000dab00000, 0x0000000100000000)
  eden space 46592K, 100% used [0x00000000d6100000,0x00000000d8e80000,0x00000000d8e80000)
  from space 5120K, 99% used [0x00000000da600000,0x00000000daafe010,0x00000000dab00000)
  to   space 5120K, 0% used [0x00000000da100000,0x00000000da100000,0x00000000da600000)
 ParOldGen       total 61440K, used 8224K [0x0000000082200000, 0x0000000085e00000, 0x00000000d6100000)
  object space 61440K, 13% used [0x0000000082200000,0x0000000082a083b8,0x0000000085e00000)
 Metaspace       used 26659K, capacity 28656K, committed 28800K, reserved 1073152K
  class space    used 3836K, capacity 4181K, committed 4224K, reserved 1048576K
Event: 1.954 GC heap after
Heap after GC invocations=6 (full 1):
 PSYoungGen      total 70656K, used 5120K [0x00000000d6100000, 0x00000000dc080000, 0x0000000100000000)
  eden space 65536K, 0% used [0x00000000d6100000,0x00000000d6100000,0x00000000da100000)
  from space 5120K, 100% used [0x00000000da100000,0x00000000da600000,0x00000000da600000)
  to   space 15360K, 0% used [0x00000000db180000,0x00000000db180000,0x00000000dc080000)
 ParOldGen       total 61440K, used 20644K [0x0000000082200000, 0x0000000085e00000, 0x00000000d6100000)
  object space 61440K, 33% used [0x0000000082200000,0x0000000083629158,0x0000000085e00000)
 Metaspace       used 26659K, capacity 28656K, committed 28800K, reserved 1073152K
  class space    used 3836K, capacity 4181K, committed 4224K, reserved 1048576K
}
Event: 2.481 GC heap before
{Heap before GC invocations=7 (full 1):
 PSYoungGen      total 70656K, used 70630K [0x00000000d6100000, 0x00000000dc080000, 0x0000000100000000)
  eden space 65536K, 99% used [0x00000000d6100000,0x00000000da0f99e8,0x00000000da100000)
  from space 5120K, 100% used [0x00000000da100000,0x00000000da600000,0x00000000da600000)
  to   space 15360K, 0% used [0x00000000db180000,0x00000000db180000,0x00000000dc080000)
 ParOldGen       total 61440K, used 20644K [0x0000000082200000, 0x0000000085e00000, 0x00000000d6100000)
  object space 61440K, 33% used [0x0000000082200000,0x0000000083629158,0x0000000085e00000)
 Metaspace       used 27992K, capacity 29978K, committed 30208K, reserved 1075200K
  class space    used 3973K, capacity 4338K, committed 4352K, reserved 1048576K
Event: 2.495 GC heap after
Heap after GC invocations=7 (full 1):
 PSYoungGen      total 80384K, used 14461K [0x00000000d6100000, 0x00000000dde00000, 0x0000000100000000)
  eden space 65024K, 0% used [0x00000000d6100000,0x00000000d6100000,0x00000000da080000)
  from space 15360K, 94% used [0x00000000db180000,0x00000000dbf9f7f8,0x00000000dc080000)
  to   space 17408K, 0% used [0x00000000da080000,0x00000000da080000,0x00000000db180000)
 ParOldGen       total 61440K, used 20644K [0x0000000082200000, 0x0000000085e00000, 0x00000000d6100000)
  object space 61440K, 33% used [0x0000000082200000,0x0000000083629158,0x0000000085e00000)
 Metaspace       used 27992K, capacity 29978K, committed 30208K, reserved 1075200K
  class space    used 3973K, capacity 4338K, committed 4352K, reserved 1048576K
}
Event: 2.510 GC heap before
{Heap before GC invocations=8 (full 1):
 PSYoungGen      total 80384K, used 79468K [0x00000000d6100000, 0x00000000dde00000, 0x0000000100000000)
  eden space 65024K, 99% used [0x00000000d6100000,0x00000000da07bae0,0x00000000da080000)
  from space 15360K, 94% used [0x00000000db180000,0x00000000dbf9f7f8,0x00000000dc080000)
  to   space 17408K, 0% used [0x00000000da080000,0x00000000da080000,0x00000000db180000)
 ParOldGen       total 61440K, used 20644K [0x0000000082200000, 0x0000000085e00000, 0x00000000d6100000)
  object space 61440K, 33% used [0x0000000082200000,0x0000000083629158,0x0000000085e00000)
 Metaspace       used 27993K, capacity 29978K, committed 30208K, reserved 1075200K
  class space    used 3973K, capacity 4338K, committed 4352K, reserved 1048576K
Event: 2.522 GC heap after
Heap after GC invocations=8 (full 1):
 PSYoungGen      total 82432K, used 14400K [0x00000000d6100000, 0x00000000df700000, 0x0000000100000000)
  eden space 65024K, 0% used [0x00000000d6100000,0x00000000d6100000,0x00000000da080000)
  from space 17408K, 82% used [0x00000000da080000,0x00000000dae90380,0x00000000db180000)
  to   space 18944K, 0% used [0x00000000de480000,0x00000000de480000,0x00000000df700000)
 ParOldGen       total 61440K, used 20652K [0x0000000082200000, 0x0000000085e00000, 0x00000000d6100000)
  object space 61440K, 33% used [0x0000000082200000,0x000000008362b158,0x0000000085e00000)
 Metaspace       used 27993K, capacity 29978K, committed 30208K, reserved 1075200K
  class space    used 3973K, capacity 4338K, committed 4352K, reserved 1048576K
}
Event: 2.535 GC heap before
{Heap before GC invocations=9 (full 1):
 PSYoungGen      total 82432K, used 79275K [0x00000000d6100000, 0x00000000df700000, 0x0000000100000000)
  eden space 65024K, 99% used [0x00000000d6100000,0x00000000da05aba8,0x00000000da080000)
  from space 17408K, 82% used [0x00000000da080000,0x00000000dae90380,0x00000000db180000)
  to   space 18944K, 0% used [0x00000000de480000,0x00000000de480000,0x00000000df700000)
 ParOldGen       total 61440K, used 20652K [0x0000000082200000, 0x0000000085e00000, 0x00000000d6100000)
  object space 61440K, 33% used [0x0000000082200000,0x000000008362b158,0x0000000085e00000)
 Metaspace       used 27993K, capacity 29978K, committed 30208K, reserved 1075200K
  class space    used 3973K, capacity 4338K, committed 4352K, reserved 1048576K
Event: 2.544 GC heap after
Heap after GC invocations=9 (full 1):
 PSYoungGen      total 133632K, used 14272K [0x00000000d6100000, 0x00000000dfd00000, 0x0000000100000000)
  eden space 114688K, 0% used [0x00000000d6100000,0x00000000d6100000,0x00000000dd100000)
  from space 18944K, 75% used [0x00000000de480000,0x00000000df270310,0x00000000df700000)
  to   space 19968K, 0% used [0x00000000dd100000,0x00000000dd100000,0x00000000de480000)
 ParOldGen       total 61440K, used 20660K [0x0000000082200000, 0x0000000085e00000, 0x00000000d6100000)
  object space 61440K, 33% used [0x0000000082200000,0x000000008362d158,0x0000000085e00000)
 Metaspace       used 27993K, capacity 29978K, committed 30208K, reserved 1075200K
  class space    used 3973K, capacity 4338K, committed 4352K, reserved 1048576K
}
Event: 2.753 GC heap before
{Heap before GC invocations=10 (full 1):
 PSYoungGen      total 133632K, used 128960K [0x00000000d6100000, 0x00000000dfd00000, 0x0000000100000000)
  eden space 114688K, 100% used [0x00000000d6100000,0x00000000dd100000,0x00000000dd100000)
  from space 18944K, 75% used [0x00000000de480000,0x00000000df270310,0x00000000df700000)
  to   space 19968K, 0% used [0x00000000dd100000,0x00000000dd100000,0x00000000de480000)
 ParOldGen       total 61440K, used 20660K [0x0000000082200000, 0x0000000085e00000, 0x00000000d6100000)
  object space 61440K, 33% used [0x0000000082200000,0x000000008362d158,0x0000000085e00000)
 Metaspace       used 28171K, capacity 30182K, committed 30208K, reserved 1075200K
  class space    used 3983K, capacity 4340K, committed 4352K, reserved 1048576K
Event: 2.765 GC heap after
Heap after GC invocations=10 (full 1):
 PSYoungGen      total 134656K, used 14726K [0x00000000d6100000, 0x00000000e3000000, 0x0000000100000000)
  eden space 114688K, 0% used [0x00000000d6100000,0x00000000d6100000,0x00000000dd100000)
  from space 19968K, 73% used [0x00000000dd100000,0x00000000ddf61910,0x00000000de480000)
  to   space 20480K, 0% used [0x00000000e1c00000,0x00000000e1c00000,0x00000000e3000000)
 ParOldGen       total 61440K, used 21836K [0x0000000082200000, 0x0000000085e00000, 0x00000000d6100000)
  object space 61440K, 35% used [0x0000000082200000,0x0000000083753158,0x0000000085e00000)
 Metaspace       used 28171K, capacity 30182K, committed 30208K, reserved 1075200K
  class space    used 3983K, capacity 4340K, committed 4352K, reserved 1048576K
}

