# JRE version: Java(TM) SE Runtime Environment (8.0_181-b13) (build 1.8.0_181-b13)
# Java VM: Java HotSpot(TM) 64-Bit Server VM (25.181-b13 mixed mode windows-amd64 compressed oops)
Heap:
 PSYoungGen      total 178688K, used 98582K [0x00000000d6100000, 0x00000000e2600000, 0x0000000100000000)
  eden space 160768K, 54% used [0x00000000d6100000,0x00000000db6d0bd8,0x00000000dfe00000)
  from space 17920K, 59% used [0x00000000e0f00000,0x00000000e1974ef8,0x00000000e2080000)
  to   space 17408K, 0% used [0x00000000dfe00000,0x00000000dfe00000,0x00000000e0f00000)
 ParOldGen       total 55808K, used 24194K [0x0000000082200000, 0x0000000085880000, 0x00000000d6100000)
  object space 55808K, 43% used [0x0000000082200000,0x00000000839a0838,0x0000000085880000)
 Metaspace       used 28836K, capacity 30946K, committed 31104K, reserved 1075200K
  class space    used 4032K, capacity 4392K, committed 4480K, reserved 1048576K
GC Heap History (10 events):
Event: 2.566 GC heap before
{Heap before GC invocations=5 (full 1):
 PSYoungGen      total 37888K, used 32768K [0x00000000d6100000, 0x00000000dab00000, 0x0000000100000000)
  eden space 32768K, 100% used [0x00000000d6100000,0x00000000d8100000,0x00000000d8100000)
  from space 5120K, 0% used [0x00000000d8100000,0x00000000d8100000,0x00000000d8600000)
  to   space 5120K, 0% used [0x00000000da600000,0x00000000da600000,0x00000000dab00000)
 ParOldGen       total 55808K, used 7440K [0x0000000082200000, 0x0000000085880000, 0x00000000d6100000)
  object space 55808K, 13% used [0x0000000082200000,0x0000000082944218,0x0000000085880000)
 Metaspace       used 23234K, capacity 24806K, committed 24960K, reserved 1071104K
  class space    used 3405K, capacity 3696K, committed 3712K, reserved 1048576K
Event: 2.572 GC heap after
Heap after GC invocations=5 (full 1):
 PSYoungGen      total 57344K, used 5120K [0x00000000d6100000, 0x00000000dab00000, 0x0000000100000000)
  eden space 52224K, 0% used [0x00000000d6100000,0x00000000d6100000,0x00000000d9400000)
  from space 5120K, 100% used [0x00000000da600000,0x00000000dab00000,0x00000000dab00000)
  to   space 5120K, 0% used [0x00000000da100000,0x00000000da100000,0x00000000da600000)
 ParOldGen       total 55808K, used 8505K [0x0000000082200000, 0x0000000085880000, 0x00000000d6100000)
  object space 55808K, 15% used [0x0000000082200000,0x0000000082a4e668,0x0000000085880000)
 Metaspace       used 23234K, capacity 24806K, committed 24960K, reserved 1071104K
  class space    used 3405K, capacity 3696K, committed 3712K, reserved 1048576K
}
Event: 3.548 GC heap before
{Heap before GC invocations=6 (full 1):
 PSYoungGen      total 57344K, used 57344K [0x00000000d6100000, 0x00000000dab00000, 0x0000000100000000)
  eden space 52224K, 100% used [0x00000000d6100000,0x00000000d9400000,0x00000000d9400000)
  from space 5120K, 100% used [0x00000000da600000,0x00000000dab00000,0x00000000dab00000)
  to   space 5120K, 0% used [0x00000000da100000,0x00000000da100000,0x00000000da600000)
 ParOldGen       total 55808K, used 8505K [0x0000000082200000, 0x0000000085880000, 0x00000000d6100000)
  object space 55808K, 15% used [0x0000000082200000,0x0000000082a4e668,0x0000000085880000)
 Metaspace       used 25279K, capacity 27286K, committed 27392K, reserved 1073152K
  class space    used 3683K, capacity 4048K, committed 4096K, reserved 1048576K
Event: 3.683 GC heap after
Heap after GC invocations=6 (full 1):
 PSYoungGen      total 70656K, used 5120K [0x00000000d6100000, 0x00000000dd880000, 0x0000000100000000)
  eden space 65536K, 0% used [0x00000000d6100000,0x00000000d6100000,0x00000000da100000)
  from space 5120K, 100% used [0x00000000da100000,0x00000000da600000,0x00000000da600000)
  to   space 16384K, 0% used [0x00000000dc880000,0x00000000dc880000,0x00000000dd880000)
 ParOldGen       total 55808K, used 22594K [0x0000000082200000, 0x0000000085880000, 0x00000000d6100000)
  object space 55808K, 40% used [0x0000000082200000,0x0000000083810838,0x0000000085880000)
 Metaspace       used 25279K, capacity 27286K, committed 27392K, reserved 1073152K
  class space    used 3683K, capacity 4048K, committed 4096K, reserved 1048576K
}
Event: 5.052 GC heap before
{Heap before GC invocations=7 (full 1):
 PSYoungGen      total 70656K, used 70610K [0x00000000d6100000, 0x00000000dd880000, 0x0000000100000000)
  eden space 65536K, 99% used [0x00000000d6100000,0x00000000da0f48c0,0x00000000da100000)
  from space 5120K, 100% used [0x00000000da100000,0x00000000da600000,0x00000000da600000)
  to   space 16384K, 0% used [0x00000000dc880000,0x00000000dc880000,0x00000000dd880000)
 ParOldGen       total 55808K, used 22594K [0x0000000082200000, 0x0000000085880000, 0x00000000d6100000)
  object space 55808K, 40% used [0x0000000082200000,0x0000000083810838,0x0000000085880000)
 Metaspace       used 28116K, capacity 30120K, committed 30208K, reserved 1075200K
  class space    used 3981K, capacity 4341K, committed 4352K, reserved 1048576K
Event: 5.066 GC heap after
Heap after GC invocations=7 (full 1):
 PSYoungGen      total 104448K, used 13480K [0x00000000d6100000, 0x00000000dee80000, 0x0000000100000000)
  eden space 88064K, 0% used [0x00000000d6100000,0x00000000d6100000,0x00000000db700000)
  from space 16384K, 82% used [0x00000000dc880000,0x00000000dd5aa2a0,0x00000000dd880000)
  to   space 17920K, 0% used [0x00000000db700000,0x00000000db700000,0x00000000dc880000)
 ParOldGen       total 55808K, used 22602K [0x0000000082200000, 0x0000000085880000, 0x00000000d6100000)
  object space 55808K, 40% used [0x0000000082200000,0x0000000083812838,0x0000000085880000)
 Metaspace       used 28116K, capacity 30120K, committed 30208K, reserved 1075200K
  class space    used 3981K, capacity 4341K, committed 4352K, reserved 1048576K
}
Event: 5.109 GC heap before
{Heap before GC invocations=8 (full 1):
 PSYoungGen      total 104448K, used 101444K [0x00000000d6100000, 0x00000000dee80000, 0x0000000100000000)
  eden space 88064K, 99% used [0x00000000d6100000,0x00000000db6e6da0,0x00000000db700000)
  from space 16384K, 82% used [0x00000000dc880000,0x00000000dd5aa2a0,0x00000000dd880000)
  to   space 17920K, 0% used [0x00000000db700000,0x00000000db700000,0x00000000dc880000)
 ParOldGen       total 55808K, used 22602K [0x0000000082200000, 0x0000000085880000, 0x00000000d6100000)
  object space 55808K, 40% used [0x0000000082200000,0x0000000083812838,0x0000000085880000)
 Metaspace       used 28121K, capacity 30120K, committed 30208K, reserved 1075200K
  class space    used 3981K, capacity 4341K, committed 4352K, reserved 1048576K
Event: 5.124 GC heap after
Heap after GC invocations=8 (full 1):
 PSYoungGen      total 105984K, used 12313K [0x00000000d6100000, 0x00000000e2080000, 0x0000000100000000)
  eden space 88064K, 0% used [0x00000000d6100000,0x00000000d6100000,0x00000000db700000)
  from space 17920K, 68% used [0x00000000db700000,0x00000000dc3066b8,0x00000000dc880000)
  to   space 17920K, 0% used [0x00000000e0f00000,0x00000000e0f00000,0x00000000e2080000)
 ParOldGen       total 55808K, used 22602K [0x0000000082200000, 0x0000000085880000, 0x00000000d6100000)
  object space 55808K, 40% used [0x0000000082200000,0x0000000083812838,0x0000000085880000)
 Metaspace       used 28121K, capacity 30120K, committed 30208K, reserved 1075200K
  class space    used 3981K, capacity 4341K, committed 4352K, reserved 1048576K
}
Event: 5.168 GC heap before
{Heap before GC invocations=9 (full 1):
 PSYoungGen      total 105984K, used 100331K [0x00000000d6100000, 0x00000000e2080000, 0x0000000100000000)
  eden space 88064K, 99% used [0x00000000d6100000,0x00000000db6f4810,0x00000000db700000)
  from space 17920K, 68% used [0x00000000db700000,0x00000000dc3066b8,0x00000000dc880000)
  to   space 17920K, 0% used [0x00000000e0f00000,0x00000000e0f00000,0x00000000e2080000)
 ParOldGen       total 55808K, used 22602K [0x0000000082200000, 0x0000000085880000, 0x00000000d6100000)
  object space 55808K, 40% used [0x0000000082200000,0x0000000083812838,0x0000000085880000)
 Metaspace       used 28121K, capacity 30120K, committed 30208K, reserved 1075200K
  class space    used 3981K, capacity 4341K, committed 4352K, reserved 1048576K
Event: 5.200 GC heap after
Heap after GC invocations=9 (full 1):
 PSYoungGen      total 178688K, used 10707K [0x00000000d6100000, 0x00000000e2600000, 0x0000000100000000)
  eden space 160768K, 0% used [0x00000000d6100000,0x00000000d6100000,0x00000000dfe00000)
  from space 17920K, 59% used [0x00000000e0f00000,0x00000000e1974ef8,0x00000000e2080000)
  to   space 17408K, 0% used [0x00000000dfe00000,0x00000000dfe00000,0x00000000e0f00000)
 ParOldGen       total 55808K, used 24194K [0x0000000082200000, 0x0000000085880000, 0x00000000d6100000)
  object space 55808K, 43% used [0x0000000082200000,0x00000000839a0838,0x0000000085880000)
 Metaspace       used 28121K, capacity 30120K, committed 30208K, reserved 1075200K
  class space    used 3981K, capacity 4341K, committed 4352K, reserved 1048576K
}

