# JRE version: Java(TM) SE Runtime Environment (8.0_181-b13) (build 1.8.0_181-b13)
# Java VM: Java HotSpot(TM) 64-Bit Server VM (25.181-b13 mixed mode windows-amd64 compressed oops)
Heap:
 PSYoungGen      total 171520K, used 21804K [0x00000000d6100000, 0x00000000e2300000, 0x0000000100000000)
  eden space 152576K, 9% used [0x00000000d6100000,0x00000000d6f33a20,0x00000000df600000)
  from space 18944K, 38% used [0x00000000df600000,0x00000000dfd177d0,0x00000000e0880000)
  to   space 18944K, 0% used [0x00000000e0880000,0x00000000e0880000,0x00000000e1b00000)
 ParOldGen       total 56832K, used 37083K [0x0000000082200000, 0x0000000085980000, 0x00000000d6100000)
  object space 56832K, 65% used [0x0000000082200000,0x0000000084636f10,0x0000000085980000)
 Metaspace       used 29729K, capacity 31858K, committed 32128K, reserved 1077248K
  class space    used 4073K, capacity 4450K, committed 4480K, reserved 1048576K
GC Heap History (10 events):
Event: 5.252 GC heap before
{Heap before GC invocations=6 (full 1):
 PSYoungGen      total 57344K, used 57326K [0x00000000d6100000, 0x00000000dab00000, 0x0000000100000000)
  eden space 52224K, 100% used [0x00000000d6100000,0x00000000d9400000,0x00000000d9400000)
  from space 5120K, 99% used [0x00000000da600000,0x00000000daafbb28,0x00000000dab00000)
  to   space 5120K, 0% used [0x00000000da100000,0x00000000da100000,0x00000000da600000)
 ParOldGen       total 56832K, used 9284K [0x0000000082200000, 0x0000000085980000, 0x00000000d6100000)
  object space 56832K, 16% used [0x0000000082200000,0x0000000082b11018,0x0000000085980000)
 Metaspace       used 26477K, capacity 28464K, committed 28544K, reserved 1073152K
  class space    used 3813K, capacity 4179K, committed 4224K, reserved 1048576K
Event: 5.271 GC heap after
Heap after GC invocations=6 (full 1):
 PSYoungGen      total 70656K, used 5120K [0x00000000d6100000, 0x00000000dd300000, 0x0000000100000000)
  eden space 65536K, 0% used [0x00000000d6100000,0x00000000d6100000,0x00000000da100000)
  from space 5120K, 100% used [0x00000000da100000,0x00000000da600000,0x00000000da600000)
  to   space 15872K, 0% used [0x00000000dc380000,0x00000000dc380000,0x00000000dd300000)
 ParOldGen       total 56832K, used 23295K [0x0000000082200000, 0x0000000085980000, 0x00000000d6100000)
  object space 56832K, 40% used [0x0000000082200000,0x00000000838bfe58,0x0000000085980000)
 Metaspace       used 26477K, capacity 28464K, committed 28544K, reserved 1073152K
  class space    used 3813K, capacity 4179K, committed 4224K, reserved 1048576K
}
Event: 8.614 GC heap before
{Heap before GC invocations=7 (full 1):
 PSYoungGen      total 70656K, used 70613K [0x00000000d6100000, 0x00000000dd300000, 0x0000000100000000)
  eden space 65536K, 99% used [0x00000000d6100000,0x00000000da0f5768,0x00000000da100000)
  from space 5120K, 100% used [0x00000000da100000,0x00000000da600000,0x00000000da600000)
  to   space 15872K, 0% used [0x00000000dc380000,0x00000000dc380000,0x00000000dd300000)
 ParOldGen       total 56832K, used 23295K [0x0000000082200000, 0x0000000085980000, 0x00000000d6100000)
  object space 56832K, 40% used [0x0000000082200000,0x00000000838bfe58,0x0000000085980000)
 Metaspace       used 28515K, capacity 30498K, committed 30848K, reserved 1075200K
  class space    used 4016K, capacity 4354K, committed 4480K, reserved 1048576K
Event: 8.625 GC heap after
Heap after GC invocations=7 (full 1):
 PSYoungGen      total 98816K, used 14276K [0x00000000d6100000, 0x00000000de880000, 0x0000000100000000)
  eden space 82944K, 0% used [0x00000000d6100000,0x00000000d6100000,0x00000000db200000)
  from space 15872K, 89% used [0x00000000dc380000,0x00000000dd171300,0x00000000dd300000)
  to   space 17920K, 0% used [0x00000000db200000,0x00000000db200000,0x00000000dc380000)
 ParOldGen       total 56832K, used 23303K [0x0000000082200000, 0x0000000085980000, 0x00000000d6100000)
  object space 56832K, 41% used [0x0000000082200000,0x00000000838c1e58,0x0000000085980000)
 Metaspace       used 28515K, capacity 30498K, committed 30848K, reserved 1075200K
  class space    used 4016K, capacity 4354K, committed 4480K, reserved 1048576K
}
Event: 8.683 GC heap before
{Heap before GC invocations=8 (full 1):
 PSYoungGen      total 98816K, used 97136K [0x00000000d6100000, 0x00000000de880000, 0x0000000100000000)
  eden space 82944K, 99% used [0x00000000d6100000,0x00000000db1eadd0,0x00000000db200000)
  from space 15872K, 89% used [0x00000000dc380000,0x00000000dd171300,0x00000000dd300000)
  to   space 17920K, 0% used [0x00000000db200000,0x00000000db200000,0x00000000dc380000)
 ParOldGen       total 56832K, used 23303K [0x0000000082200000, 0x0000000085980000, 0x00000000d6100000)
  object space 56832K, 41% used [0x0000000082200000,0x00000000838c1e58,0x0000000085980000)
 Metaspace       used 28516K, capacity 30498K, committed 30848K, reserved 1075200K
  class space    used 4016K, capacity 4354K, committed 4480K, reserved 1048576K
Event: 8.695 GC heap after
Heap after GC invocations=8 (full 1):
 PSYoungGen      total 100864K, used 14087K [0x00000000d6100000, 0x00000000e1b00000, 0x0000000100000000)
  eden space 82944K, 0% used [0x00000000d6100000,0x00000000d6100000,0x00000000db200000)
  from space 17920K, 78% used [0x00000000db200000,0x00000000dbfc1d60,0x00000000dc380000)
  to   space 18944K, 0% used [0x00000000e0880000,0x00000000e0880000,0x00000000e1b00000)
 ParOldGen       total 56832K, used 23311K [0x0000000082200000, 0x0000000085980000, 0x00000000d6100000)
  object space 56832K, 41% used [0x0000000082200000,0x00000000838c3e58,0x0000000085980000)
 Metaspace       used 28516K, capacity 30498K, committed 30848K, reserved 1075200K
  class space    used 4016K, capacity 4354K, committed 4480K, reserved 1048576K
}
Event: 8.708 GC heap before
{Heap before GC invocations=9 (full 1):
 PSYoungGen      total 100864K, used 96892K [0x00000000d6100000, 0x00000000e1b00000, 0x0000000100000000)
  eden space 82944K, 99% used [0x00000000d6100000,0x00000000db1dd2e0,0x00000000db200000)
  from space 17920K, 78% used [0x00000000db200000,0x00000000dbfc1d60,0x00000000dc380000)
  to   space 18944K, 0% used [0x00000000e0880000,0x00000000e0880000,0x00000000e1b00000)
 ParOldGen       total 56832K, used 23311K [0x0000000082200000, 0x0000000085980000, 0x00000000d6100000)
  object space 56832K, 41% used [0x0000000082200000,0x00000000838c3e58,0x0000000085980000)
 Metaspace       used 28516K, capacity 30498K, committed 30848K, reserved 1075200K
  class space    used 4016K, capacity 4354K, committed 4480K, reserved 1048576K
Event: 8.717 GC heap after
Heap after GC invocations=9 (full 1):
 PSYoungGen      total 171520K, used 12703K [0x00000000d6100000, 0x00000000e2300000, 0x0000000100000000)
  eden space 152576K, 0% used [0x00000000d6100000,0x00000000d6100000,0x00000000df600000)
  from space 18944K, 67% used [0x00000000e0880000,0x00000000e14e7fe8,0x00000000e1b00000)
  to   space 18944K, 0% used [0x00000000df600000,0x00000000df600000,0x00000000e0880000)
 ParOldGen       total 56832K, used 24744K [0x0000000082200000, 0x0000000085980000, 0x00000000d6100000)
  object space 56832K, 43% used [0x0000000082200000,0x0000000083a2a2b8,0x0000000085980000)
 Metaspace       used 28516K, capacity 30498K, committed 30848K, reserved 1075200K
  class space    used 4016K, capacity 4354K, committed 4480K, reserved 1048576K
}
Event: 12.483 GC heap before
{Heap before GC invocations=10 (full 1):
 PSYoungGen      total 171520K, used 165279K [0x00000000d6100000, 0x00000000e2300000, 0x0000000100000000)
  eden space 152576K, 100% used [0x00000000d6100000,0x00000000df600000,0x00000000df600000)
  from space 18944K, 67% used [0x00000000e0880000,0x00000000e14e7fe8,0x00000000e1b00000)
  to   space 18944K, 0% used [0x00000000df600000,0x00000000df600000,0x00000000e0880000)
 ParOldGen       total 56832K, used 24744K [0x0000000082200000, 0x0000000085980000, 0x00000000d6100000)
  object space 56832K, 43% used [0x0000000082200000,0x0000000083a2a2b8,0x0000000085980000)
 Metaspace       used 29640K, capacity 31730K, committed 31872K, reserved 1077248K
  class space    used 4071K, capacity 4450K, committed 4480K, reserved 1048576K
Event: 12.494 GC heap after
Heap after GC invocations=10 (full 1):
 PSYoungGen      total 171520K, used 7261K [0x00000000d6100000, 0x00000000e2300000, 0x0000000100000000)
  eden space 152576K, 0% used [0x00000000d6100000,0x00000000d6100000,0x00000000df600000)
  from space 18944K, 38% used [0x00000000df600000,0x00000000dfd177d0,0x00000000e0880000)
  to   space 18944K, 0% used [0x00000000e0880000,0x00000000e0880000,0x00000000e1b00000)
 ParOldGen       total 56832K, used 37083K [0x0000000082200000, 0x0000000085980000, 0x00000000d6100000)
  object space 56832K, 65% used [0x0000000082200000,0x0000000084636f10,0x0000000085980000)
 Metaspace       used 29640K, capacity 31730K, committed 31872K, reserved 1077248K
  class space    used 4071K, capacity 4450K, committed 4480K, reserved 1048576K
}

