# JRE version: Java(TM) SE Runtime Environment (8.0_181-b13) (build 1.8.0_181-b13)
# Java VM: Java HotSpot(TM) 64-Bit Server VM (25.181-b13 mixed mode windows-amd64 compressed oops)
Heap:
 PSYoungGen      total 37888K, used 23111K [0x00000000d6100000, 0x00000000d9a80000, 0x0000000100000000)
  eden space 32768K, 54% used [0x00000000d6100000,0x00000000d7292b58,0x00000000d8100000)
  from space 5120K, 99% used [0x00000000d8600000,0x00000000d8aff330,0x00000000d8b00000)
  to   space 5120K, 0% used [0x00000000d8100000,0x00000000d8100000,0x00000000d8600000)
 ParOldGen       total 59392K, used 8321K [0x0000000082200000, 0x0000000085c00000, 0x00000000d6100000)
  object space 59392K, 14% used [0x0000000082200000,0x0000000082a20660,0x0000000085c00000)
 Metaspace       used 24729K, capacity 26314K, committed 26368K, reserved 1071104K
  class space    used 3540K, capacity 3830K, committed 3840K, reserved 1048576K
GC Heap History (10 events):
Event: 1.258 GC heap before
{Heap before GC invocations=1 (full 0):
 PSYoungGen      total 37888K, used 32768K [0x00000000d6100000, 0x00000000d8b00000, 0x0000000100000000)
  eden space 32768K, 100% used [0x00000000d6100000,0x00000000d8100000,0x00000000d8100000)
  from space 5120K, 0% used [0x00000000d8600000,0x00000000d8600000,0x00000000d8b00000)
  to   space 5120K, 0% used [0x00000000d8100000,0x00000000d8100000,0x00000000d8600000)
 ParOldGen       total 86016K, used 0K [0x0000000082200000, 0x0000000087600000, 0x00000000d6100000)
  object space 86016K, 0% used [0x0000000082200000,0x0000000082200000,0x0000000087600000)
 Metaspace       used 14863K, capacity 15618K, committed 15872K, reserved 1062912K
  class space    used 2083K, capacity 2284K, committed 2304K, reserved 1048576K
Event: 1.262 GC heap after
Heap after GC invocations=1 (full 0):
 PSYoungGen      total 37888K, used 5088K [0x00000000d6100000, 0x00000000d8b00000, 0x0000000100000000)
  eden space 32768K, 0% used [0x00000000d6100000,0x00000000d6100000,0x00000000d8100000)
  from space 5120K, 99% used [0x00000000d8100000,0x00000000d85f8020,0x00000000d8600000)
  to   space 5120K, 0% used [0x00000000d8600000,0x00000000d8600000,0x00000000d8b00000)
 ParOldGen       total 86016K, used 660K [0x0000000082200000, 0x0000000087600000, 0x00000000d6100000)
  object space 86016K, 0% used [0x0000000082200000,0x00000000822a51f8,0x0000000087600000)
 Metaspace       used 14863K, capacity 15618K, committed 15872K, reserved 1062912K
  class space    used 2083K, capacity 2284K, committed 2304K, reserved 1048576K
}
Event: 1.441 GC heap before
{Heap before GC invocations=2 (full 0):
 PSYoungGen      total 37888K, used 37856K [0x00000000d6100000, 0x00000000d8b00000, 0x0000000100000000)
  eden space 32768K, 100% used [0x00000000d6100000,0x00000000d8100000,0x00000000d8100000)
  from space 5120K, 99% used [0x00000000d8100000,0x00000000d85f8020,0x00000000d8600000)
  to   space 5120K, 0% used [0x00000000d8600000,0x00000000d8600000,0x00000000d8b00000)
 ParOldGen       total 86016K, used 660K [0x0000000082200000, 0x0000000087600000, 0x00000000d6100000)
  object space 86016K, 0% used [0x0000000082200000,0x00000000822a51f8,0x0000000087600000)
 Metaspace       used 19578K, capacity 20562K, committed 20736K, reserved 1067008K
  class space    used 2777K, capacity 3018K, committed 3072K, reserved 1048576K
Event: 1.446 GC heap after
Heap after GC invocations=2 (full 0):
 PSYoungGen      total 37888K, used 5091K [0x00000000d6100000, 0x00000000d8b00000, 0x0000000100000000)
  eden space 32768K, 0% used [0x00000000d6100000,0x00000000d6100000,0x00000000d8100000)
  from space 5120K, 99% used [0x00000000d8600000,0x00000000d8af8e60,0x00000000d8b00000)
  to   space 5120K, 0% used [0x00000000d8100000,0x00000000d8100000,0x00000000d8600000)
 ParOldGen       total 86016K, used 2764K [0x0000000082200000, 0x0000000087600000, 0x00000000d6100000)
  object space 86016K, 3% used [0x0000000082200000,0x00000000824b33f8,0x0000000087600000)
 Metaspace       used 19578K, capacity 20562K, committed 20736K, reserved 1067008K
  class space    used 2777K, capacity 3018K, committed 3072K, reserved 1048576K
}
Event: 1.515 GC heap before
{Heap before GC invocations=3 (full 0):
 PSYoungGen      total 37888K, used 8428K [0x00000000d6100000, 0x00000000d8b00000, 0x0000000100000000)
  eden space 32768K, 10% used [0x00000000d6100000,0x00000000d64424c8,0x00000000d8100000)
  from space 5120K, 99% used [0x00000000d8600000,0x00000000d8af8e60,0x00000000d8b00000)
  to   space 5120K, 0% used [0x00000000d8100000,0x00000000d8100000,0x00000000d8600000)
 ParOldGen       total 86016K, used 2764K [0x0000000082200000, 0x0000000087600000, 0x00000000d6100000)
  object space 86016K, 3% used [0x0000000082200000,0x00000000824b33f8,0x0000000087600000)
 Metaspace       used 20174K, capacity 21142K, committed 21296K, reserved 1067008K
  class space    used 2884K, capacity 3100K, committed 3200K, reserved 1048576K
Event: 1.518 GC heap after
Heap after GC invocations=3 (full 0):
 PSYoungGen      total 37888K, used 5091K [0x00000000d6100000, 0x00000000d8b00000, 0x0000000100000000)
  eden space 32768K, 0% used [0x00000000d6100000,0x00000000d6100000,0x00000000d8100000)
  from space 5120K, 99% used [0x00000000d8100000,0x00000000d85f8e70,0x00000000d8600000)
  to   space 5120K, 0% used [0x00000000d8600000,0x00000000d8600000,0x00000000d8b00000)
 ParOldGen       total 86016K, used 2996K [0x0000000082200000, 0x0000000087600000, 0x00000000d6100000)
  object space 86016K, 3% used [0x0000000082200000,0x00000000824ed3f8,0x0000000087600000)
 Metaspace       used 20174K, capacity 21142K, committed 21296K, reserved 1067008K
  class space    used 2884K, capacity 3100K, committed 3200K, reserved 1048576K
}
Event: 1.519 GC heap before
{Heap before GC invocations=4 (full 1):
 PSYoungGen      total 37888K, used 5091K [0x00000000d6100000, 0x00000000d8b00000, 0x0000000100000000)
  eden space 32768K, 0% used [0x00000000d6100000,0x00000000d6100000,0x00000000d8100000)
  from space 5120K, 99% used [0x00000000d8100000,0x00000000d85f8e70,0x00000000d8600000)
  to   space 5120K, 0% used [0x00000000d8600000,0x00000000d8600000,0x00000000d8b00000)
 ParOldGen       total 86016K, used 2996K [0x0000000082200000, 0x0000000087600000, 0x00000000d6100000)
  object space 86016K, 3% used [0x0000000082200000,0x00000000824ed3f8,0x0000000087600000)
 Metaspace       used 20174K, capacity 21142K, committed 21296K, reserved 1067008K
  class space    used 2884K, capacity 3100K, committed 3200K, reserved 1048576K
Event: 1.552 GC heap after
Heap after GC invocations=4 (full 1):
 PSYoungGen      total 37888K, used 0K [0x00000000d6100000, 0x00000000d8b00000, 0x0000000100000000)
  eden space 32768K, 0% used [0x00000000d6100000,0x00000000d6100000,0x00000000d8100000)
  from space 5120K, 0% used [0x00000000d8100000,0x00000000d8100000,0x00000000d8600000)
  to   space 5120K, 0% used [0x00000000d8600000,0x00000000d8600000,0x00000000d8b00000)
 ParOldGen       total 59392K, used 7480K [0x0000000082200000, 0x0000000085c00000, 0x00000000d6100000)
  object space 59392K, 12% used [0x0000000082200000,0x000000008294e348,0x0000000085c00000)
 Metaspace       used 20172K, capacity 21136K, committed 21296K, reserved 1067008K
  class space    used 2883K, capacity 3099K, committed 3200K, reserved 1048576K
}
Event: 1.931 GC heap before
{Heap before GC invocations=5 (full 1):
 PSYoungGen      total 37888K, used 32768K [0x00000000d6100000, 0x00000000d8b00000, 0x0000000100000000)
  eden space 32768K, 100% used [0x00000000d6100000,0x00000000d8100000,0x00000000d8100000)
  from space 5120K, 0% used [0x00000000d8100000,0x00000000d8100000,0x00000000d8600000)
  to   space 5120K, 0% used [0x00000000d8600000,0x00000000d8600000,0x00000000d8b00000)
 ParOldGen       total 59392K, used 7480K [0x0000000082200000, 0x0000000085c00000, 0x00000000d6100000)
  object space 59392K, 12% used [0x0000000082200000,0x000000008294e348,0x0000000085c00000)
 Metaspace       used 24300K, capacity 25886K, committed 26112K, reserved 1071104K
  class space    used 3518K, capacity 3796K, committed 3840K, reserved 1048576K
Event: 1.936 GC heap after
Heap after GC invocations=5 (full 1):
 PSYoungGen      total 37888K, used 5116K [0x00000000d6100000, 0x00000000d9a80000, 0x0000000100000000)
  eden space 32768K, 0% used [0x00000000d6100000,0x00000000d6100000,0x00000000d8100000)
  from space 5120K, 99% used [0x00000000d8600000,0x00000000d8aff330,0x00000000d8b00000)
  to   space 5120K, 0% used [0x00000000d8100000,0x00000000d8100000,0x00000000d8600000)
 ParOldGen       total 59392K, used 8321K [0x0000000082200000, 0x0000000085c00000, 0x00000000d6100000)
  object space 59392K, 14% used [0x0000000082200000,0x0000000082a20660,0x0000000085c00000)
 Metaspace       used 24300K, capacity 25886K, committed 26112K, reserved 1071104K
  class space    used 3518K, capacity 3796K, committed 3840K, reserved 1048576K
}

