# JRE version: Java(TM) SE Runtime Environment (8.0_181-b13) (build 1.8.0_181-b13)
# Java VM: Java HotSpot(TM) 64-Bit Server VM (25.181-b13 mixed mode windows-amd64 compressed oops)
Heap:
 PSYoungGen      total 37888K, used 30299K [0x00000000d6100000, 0x00000000d9b80000, 0x0000000100000000)
  eden space 32768K, 76% used [0x00000000d6100000,0x00000000d7997338,0x00000000d8100000)
  from space 5120K, 99% used [0x00000000d8600000,0x00000000d8affb38,0x00000000d8b00000)
  to   space 5120K, 0% used [0x00000000d8100000,0x00000000d8100000,0x00000000d8600000)
 ParOldGen       total 57856K, used 8393K [0x0000000082200000, 0x0000000085a80000, 0x00000000d6100000)
  object space 57856K, 14% used [0x0000000082200000,0x0000000082a32690,0x0000000085a80000)
 Metaspace       used 25950K, capacity 27770K, committed 27904K, reserved 1073152K
  class space    used 3746K, capacity 4086K, committed 4096K, reserved 1048576K
GC Heap History (10 events):
Event: 0.871 GC heap before
{Heap before GC invocations=1 (full 0):
 PSYoungGen      total 37888K, used 32768K [0x00000000d6100000, 0x00000000d8b00000, 0x0000000100000000)
  eden space 32768K, 100% used [0x00000000d6100000,0x00000000d8100000,0x00000000d8100000)
  from space 5120K, 0% used [0x00000000d8600000,0x00000000d8600000,0x00000000d8b00000)
  to   space 5120K, 0% used [0x00000000d8100000,0x00000000d8100000,0x00000000d8600000)
 ParOldGen       total 86016K, used 0K [0x0000000082200000, 0x0000000087600000, 0x00000000d6100000)
  object space 86016K, 0% used [0x0000000082200000,0x0000000082200000,0x0000000087600000)
 Metaspace       used 15526K, capacity 16200K, committed 16512K, reserved 1062912K
  class space    used 2177K, capacity 2349K, committed 2432K, reserved 1048576K
Event: 0.876 GC heap after
Heap after GC invocations=1 (full 0):
 PSYoungGen      total 37888K, used 5088K [0x00000000d6100000, 0x00000000d8b00000, 0x0000000100000000)
  eden space 32768K, 0% used [0x00000000d6100000,0x00000000d6100000,0x00000000d8100000)
  from space 5120K, 99% used [0x00000000d8100000,0x00000000d85f8040,0x00000000d8600000)
  to   space 5120K, 0% used [0x00000000d8600000,0x00000000d8600000,0x00000000d8b00000)
 ParOldGen       total 86016K, used 636K [0x0000000082200000, 0x0000000087600000, 0x00000000d6100000)
  object space 86016K, 0% used [0x0000000082200000,0x000000008229f1f8,0x0000000087600000)
 Metaspace       used 15526K, capacity 16200K, committed 16512K, reserved 1062912K
  class space    used 2177K, capacity 2349K, committed 2432K, reserved 1048576K
}
Event: 1.032 GC heap before
{Heap before GC invocations=2 (full 0):
 PSYoungGen      total 37888K, used 37856K [0x00000000d6100000, 0x00000000d8b00000, 0x0000000100000000)
  eden space 32768K, 100% used [0x00000000d6100000,0x00000000d8100000,0x00000000d8100000)
  from space 5120K, 99% used [0x00000000d8100000,0x00000000d85f8040,0x00000000d8600000)
  to   space 5120K, 0% used [0x00000000d8600000,0x00000000d8600000,0x00000000d8b00000)
 ParOldGen       total 86016K, used 636K [0x0000000082200000, 0x0000000087600000, 0x00000000d6100000)
  object space 86016K, 0% used [0x0000000082200000,0x000000008229f1f8,0x0000000087600000)
 Metaspace       used 19582K, capacity 20564K, committed 20736K, reserved 1067008K
  class space    used 2783K, capacity 3021K, committed 3072K, reserved 1048576K
Event: 1.039 GC heap after
Heap after GC invocations=2 (full 0):
 PSYoungGen      total 37888K, used 5107K [0x00000000d6100000, 0x00000000d8b00000, 0x0000000100000000)
  eden space 32768K, 0% used [0x00000000d6100000,0x00000000d6100000,0x00000000d8100000)
  from space 5120K, 99% used [0x00000000d8600000,0x00000000d8afce70,0x00000000d8b00000)
  to   space 5120K, 0% used [0x00000000d8100000,0x00000000d8100000,0x00000000d8600000)
 ParOldGen       total 86016K, used 2685K [0x0000000082200000, 0x0000000087600000, 0x00000000d6100000)
  object space 86016K, 3% used [0x0000000082200000,0x000000008249f408,0x0000000087600000)
 Metaspace       used 19582K, capacity 20564K, committed 20736K, reserved 1067008K
  class space    used 2783K, capacity 3021K, committed 3072K, reserved 1048576K
}
Event: 1.087 GC heap before
{Heap before GC invocations=3 (full 0):
 PSYoungGen      total 37888K, used 8489K [0x00000000d6100000, 0x00000000d8b00000, 0x0000000100000000)
  eden space 32768K, 10% used [0x00000000d6100000,0x00000000d644d5b0,0x00000000d8100000)
  from space 5120K, 99% used [0x00000000d8600000,0x00000000d8afce70,0x00000000d8b00000)
  to   space 5120K, 0% used [0x00000000d8100000,0x00000000d8100000,0x00000000d8600000)
 ParOldGen       total 86016K, used 2685K [0x0000000082200000, 0x0000000087600000, 0x00000000d6100000)
  object space 86016K, 3% used [0x0000000082200000,0x000000008249f408,0x0000000087600000)
 Metaspace       used 20208K, capacity 21186K, committed 21296K, reserved 1067008K
  class space    used 2894K, capacity 3136K, committed 3200K, reserved 1048576K
Event: 1.091 GC heap after
Heap after GC invocations=3 (full 0):
 PSYoungGen      total 37888K, used 5091K [0x00000000d6100000, 0x00000000d8b00000, 0x0000000100000000)
  eden space 32768K, 0% used [0x00000000d6100000,0x00000000d6100000,0x00000000d8100000)
  from space 5120K, 99% used [0x00000000d8100000,0x00000000d85f8e70,0x00000000d8600000)
  to   space 5120K, 0% used [0x00000000d8600000,0x00000000d8600000,0x00000000d8b00000)
 ParOldGen       total 86016K, used 2979K [0x0000000082200000, 0x0000000087600000, 0x00000000d6100000)
  object space 86016K, 3% used [0x0000000082200000,0x00000000824e8ce8,0x0000000087600000)
 Metaspace       used 20208K, capacity 21186K, committed 21296K, reserved 1067008K
  class space    used 2894K, capacity 3136K, committed 3200K, reserved 1048576K
}
Event: 1.091 GC heap before
{Heap before GC invocations=4 (full 1):
 PSYoungGen      total 37888K, used 5091K [0x00000000d6100000, 0x00000000d8b00000, 0x0000000100000000)
  eden space 32768K, 0% used [0x00000000d6100000,0x00000000d6100000,0x00000000d8100000)
  from space 5120K, 99% used [0x00000000d8100000,0x00000000d85f8e70,0x00000000d8600000)
  to   space 5120K, 0% used [0x00000000d8600000,0x00000000d8600000,0x00000000d8b00000)
 ParOldGen       total 86016K, used 2979K [0x0000000082200000, 0x0000000087600000, 0x00000000d6100000)
  object space 86016K, 3% used [0x0000000082200000,0x00000000824e8ce8,0x0000000087600000)
 Metaspace       used 20208K, capacity 21186K, committed 21296K, reserved 1067008K
  class space    used 2894K, capacity 3136K, committed 3200K, reserved 1048576K
Event: 1.127 GC heap after
Heap after GC invocations=4 (full 1):
 PSYoungGen      total 37888K, used 0K [0x00000000d6100000, 0x00000000d8b00000, 0x0000000100000000)
  eden space 32768K, 0% used [0x00000000d6100000,0x00000000d6100000,0x00000000d8100000)
  from space 5120K, 0% used [0x00000000d8100000,0x00000000d8100000,0x00000000d8600000)
  to   space 5120K, 0% used [0x00000000d8600000,0x00000000d8600000,0x00000000d8b00000)
 ParOldGen       total 57856K, used 7488K [0x0000000082200000, 0x0000000085a80000, 0x00000000d6100000)
  object space 57856K, 12% used [0x0000000082200000,0x0000000082950200,0x0000000085a80000)
 Metaspace       used 20203K, capacity 21174K, committed 21296K, reserved 1067008K
  class space    used 2892K, capacity 3132K, committed 3200K, reserved 1048576K
}
Event: 1.535 GC heap before
{Heap before GC invocations=5 (full 1):
 PSYoungGen      total 37888K, used 32768K [0x00000000d6100000, 0x00000000d8b00000, 0x0000000100000000)
  eden space 32768K, 100% used [0x00000000d6100000,0x00000000d8100000,0x00000000d8100000)
  from space 5120K, 0% used [0x00000000d8100000,0x00000000d8100000,0x00000000d8600000)
  to   space 5120K, 0% used [0x00000000d8600000,0x00000000d8600000,0x00000000d8b00000)
 ParOldGen       total 57856K, used 7488K [0x0000000082200000, 0x0000000085a80000, 0x00000000d6100000)
  object space 57856K, 12% used [0x0000000082200000,0x0000000082950200,0x0000000085a80000)
 Metaspace       used 24406K, capacity 25974K, committed 26112K, reserved 1071104K
  class space    used 3533K, capacity 3828K, committed 3840K, reserved 1048576K
Event: 1.541 GC heap after
Heap after GC invocations=5 (full 1):
 PSYoungGen      total 37888K, used 5118K [0x00000000d6100000, 0x00000000d9b80000, 0x0000000100000000)
  eden space 32768K, 0% used [0x00000000d6100000,0x00000000d6100000,0x00000000d8100000)
  from space 5120K, 99% used [0x00000000d8600000,0x00000000d8affb38,0x00000000d8b00000)
  to   space 5120K, 0% used [0x00000000d8100000,0x00000000d8100000,0x00000000d8600000)
 ParOldGen       total 57856K, used 8393K [0x0000000082200000, 0x0000000085a80000, 0x00000000d6100000)
  object space 57856K, 14% used [0x0000000082200000,0x0000000082a32690,0x0000000085a80000)
 Metaspace       used 24406K, capacity 25974K, committed 26112K, reserved 1071104K
  class space    used 3533K, capacity 3828K, committed 3840K, reserved 1048576K
}

