# JRE version: Java(TM) SE Runtime Environment (8.0_101-b13) (build 1.8.0_101-b13)
# Java VM: Java HotSpot(TM) 64-Bit Server VM (25.101-b13 mixed mode windows-amd64 compressed oops)
Heap:
 PSYoungGen      total 289792K, used 37978K [0x00000000d6600000, 0x00000000ea300000, 0x0000000100000000)
  eden space 268288K, 6% used [0x00000000d6600000,0x00000000d774ae58,0x00000000e6c00000)
  from space 21504K, 94% used [0x00000000e8e00000,0x00000000ea1cbaf8,0x00000000ea300000)
  to   space 28160K, 0% used [0x00000000e6c00000,0x00000000e6c00000,0x00000000e8780000)
 ParOldGen       total 126464K, used 37062K [0x0000000083200000, 0x000000008ad80000, 0x00000000d6600000)
  object space 126464K, 29% used [0x0000000083200000,0x0000000085631838,0x000000008ad80000)
 Metaspace       used 49309K, capacity 51646K, committed 51800K, reserved 1093632K
  class space    used 6567K, capacity 6970K, committed 7040K, reserved 1048576K
GC Heap History (10 events):
Event: 19.925 GC heap before
{Heap before GC invocations=8 (full 1):
 PSYoungGen      total 151552K, used 146834K [0x00000000d6600000, 0x00000000e0600000, 0x0000000100000000)
  eden space 142336K, 97% used [0x00000000d6600000,0x00000000ded3ae20,0x00000000df100000)
  from space 9216K, 90% used [0x00000000dfc00000,0x00000000e0429d50,0x00000000e0500000)
  to   space 10752K, 0% used [0x00000000df100000,0x00000000df100000,0x00000000dfb80000)
 ParOldGen       total 65536K, used 7976K [0x0000000083200000, 0x0000000087200000, 0x00000000d6600000)
  object space 65536K, 12% used [0x0000000083200000,0x00000000839ca200,0x0000000087200000)
 Metaspace       used 33254K, capacity 35358K, committed 35416K, reserved 1079296K
  class space    used 4652K, capacity 4988K, committed 4992K, reserved 1048576K
Event: 19.980 GC heap after
Heap after GC invocations=8 (full 1):
 PSYoungGen      total 153088K, used 10726K [0x00000000d6600000, 0x00000000e6d00000, 0x0000000100000000)
  eden space 142336K, 0% used [0x00000000d6600000,0x00000000d6600000,0x00000000df100000)
  from space 10752K, 99% used [0x00000000df100000,0x00000000dfb798b8,0x00000000dfb80000)
  to   space 23040K, 0% used [0x00000000e5680000,0x00000000e5680000,0x00000000e6d00000)
 ParOldGen       total 65536K, used 27854K [0x0000000083200000, 0x0000000087200000, 0x00000000d6600000)
  object space 65536K, 42% used [0x0000000083200000,0x0000000084d33b10,0x0000000087200000)
 Metaspace       used 33254K, capacity 35358K, committed 35416K, reserved 1079296K
  class space    used 4652K, capacity 4988K, committed 4992K, reserved 1048576K
}
Event: 19.980 GC heap before
{Heap before GC invocations=9 (full 2):
 PSYoungGen      total 153088K, used 10726K [0x00000000d6600000, 0x00000000e6d00000, 0x0000000100000000)
  eden space 142336K, 0% used [0x00000000d6600000,0x00000000d6600000,0x00000000df100000)
  from space 10752K, 99% used [0x00000000df100000,0x00000000dfb798b8,0x00000000dfb80000)
  to   space 23040K, 0% used [0x00000000e5680000,0x00000000e5680000,0x00000000e6d00000)
 ParOldGen       total 65536K, used 27854K [0x0000000083200000, 0x0000000087200000, 0x00000000d6600000)
  object space 65536K, 42% used [0x0000000083200000,0x0000000084d33b10,0x0000000087200000)
 Metaspace       used 33254K, capacity 35358K, committed 35416K, reserved 1079296K
  class space    used 4652K, capacity 4988K, committed 4992K, reserved 1048576K
Event: 20.428 GC heap after
Heap after GC invocations=9 (full 2):
 PSYoungGen      total 153088K, used 0K [0x00000000d6600000, 0x00000000e6d00000, 0x0000000100000000)
  eden space 142336K, 0% used [0x00000000d6600000,0x00000000d6600000,0x00000000df100000)
  from space 10752K, 0% used [0x00000000df100000,0x00000000df100000,0x00000000dfb80000)
  to   space 23040K, 0% used [0x00000000e5680000,0x00000000e5680000,0x00000000e6d00000)
 ParOldGen       total 126464K, used 37030K [0x0000000083200000, 0x000000008ad80000, 0x00000000d6600000)
  object space 126464K, 29% used [0x0000000083200000,0x0000000085629828,0x000000008ad80000)
 Metaspace       used 33254K, capacity 35358K, committed 35416K, reserved 1079296K
  class space    used 4652K, capacity 4988K, committed 4992K, reserved 1048576K
}
Event: 246.359 GC heap before
{Heap before GC invocations=10 (full 2):
 PSYoungGen      total 153088K, used 142336K [0x00000000d6600000, 0x00000000e6d00000, 0x0000000100000000)
  eden space 142336K, 100% used [0x00000000d6600000,0x00000000df100000,0x00000000df100000)
  from space 10752K, 0% used [0x00000000df100000,0x00000000df100000,0x00000000dfb80000)
  to   space 23040K, 0% used [0x00000000e5680000,0x00000000e5680000,0x00000000e6d00000)
 ParOldGen       total 126464K, used 37030K [0x0000000083200000, 0x000000008ad80000, 0x00000000d6600000)
  object space 126464K, 29% used [0x0000000083200000,0x0000000085629828,0x000000008ad80000)
 Metaspace       used 46115K, capacity 48294K, committed 48472K, reserved 1091584K
  class space    used 6300K, capacity 6690K, committed 6784K, reserved 1048576K
Event: 246.386 GC heap after
Heap after GC invocations=10 (full 2):
 PSYoungGen      total 238080K, used 15498K [0x00000000d6600000, 0x00000000e6a80000, 0x0000000100000000)
  eden space 217600K, 0% used [0x00000000d6600000,0x00000000d6600000,0x00000000e3a80000)
  from space 20480K, 75% used [0x00000000e5680000,0x00000000e65a2a50,0x00000000e6a80000)
  to   space 24576K, 0% used [0x00000000e3a80000,0x00000000e3a80000,0x00000000e5280000)
 ParOldGen       total 126464K, used 37046K [0x0000000083200000, 0x000000008ad80000, 0x00000000d6600000)
  object space 126464K, 29% used [0x0000000083200000,0x000000008562d838,0x000000008ad80000)
 Metaspace       used 46115K, capacity 48294K, committed 48472K, reserved 1091584K
  class space    used 6300K, capacity 6690K, committed 6784K, reserved 1048576K
}
Event: 412.303 GC heap before
{Heap before GC invocations=11 (full 2):
 PSYoungGen      total 238080K, used 233098K [0x00000000d6600000, 0x00000000e6a80000, 0x0000000100000000)
  eden space 217600K, 100% used [0x00000000d6600000,0x00000000e3a80000,0x00000000e3a80000)
  from space 20480K, 75% used [0x00000000e5680000,0x00000000e65a2a50,0x00000000e6a80000)
  to   space 24576K, 0% used [0x00000000e3a80000,0x00000000e3a80000,0x00000000e5280000)
 ParOldGen       total 126464K, used 37046K [0x0000000083200000, 0x000000008ad80000, 0x00000000d6600000)
  object space 126464K, 29% used [0x0000000083200000,0x000000008562d838,0x000000008ad80000)
 Metaspace       used 48314K, capacity 50572K, committed 50648K, reserved 1093632K
  class space    used 6490K, capacity 6881K, committed 6912K, reserved 1048576K
Event: 412.336 GC heap after
Heap after GC invocations=11 (full 2):
 PSYoungGen      total 242176K, used 16582K [0x00000000d6600000, 0x00000000ea700000, 0x0000000100000000)
  eden space 217600K, 0% used [0x00000000d6600000,0x00000000d6600000,0x00000000e3a80000)
  from space 24576K, 67% used [0x00000000e3a80000,0x00000000e4ab1908,0x00000000e5280000)
  to   space 25600K, 0% used [0x00000000e8e00000,0x00000000e8e00000,0x00000000ea700000)
 ParOldGen       total 126464K, used 37054K [0x0000000083200000, 0x000000008ad80000, 0x00000000d6600000)
  object space 126464K, 29% used [0x0000000083200000,0x000000008562f838,0x000000008ad80000)
 Metaspace       used 48314K, capacity 50572K, committed 50648K, reserved 1093632K
  class space    used 6490K, capacity 6881K, committed 6912K, reserved 1048576K
}
Event: 1178.448 GC heap before
{Heap before GC invocations=12 (full 2):
 PSYoungGen      total 242176K, used 234182K [0x00000000d6600000, 0x00000000ea700000, 0x0000000100000000)
  eden space 217600K, 100% used [0x00000000d6600000,0x00000000e3a80000,0x00000000e3a80000)
  from space 24576K, 67% used [0x00000000e3a80000,0x00000000e4ab1908,0x00000000e5280000)
  to   space 25600K, 0% used [0x00000000e8e00000,0x00000000e8e00000,0x00000000ea700000)
 ParOldGen       total 126464K, used 37054K [0x0000000083200000, 0x000000008ad80000, 0x00000000d6600000)
  object space 126464K, 29% used [0x0000000083200000,0x000000008562f838,0x000000008ad80000)
 Metaspace       used 49303K, capacity 51646K, committed 51800K, reserved 1093632K
  class space    used 6567K, capacity 6970K, committed 7040K, reserved 1048576K
Event: 1178.480 GC heap after
Heap after GC invocations=12 (full 2):
 PSYoungGen      total 289792K, used 20270K [0x00000000d6600000, 0x00000000ea300000, 0x0000000100000000)
  eden space 268288K, 0% used [0x00000000d6600000,0x00000000d6600000,0x00000000e6c00000)
  from space 21504K, 94% used [0x00000000e8e00000,0x00000000ea1cbaf8,0x00000000ea300000)
  to   space 28160K, 0% used [0x00000000e6c00000,0x00000000e6c00000,0x00000000e8780000)
 ParOldGen       total 126464K, used 37062K [0x0000000083200000, 0x000000008ad80000, 0x00000000d6600000)
  object space 126464K, 29% used [0x0000000083200000,0x0000000085631838,0x000000008ad80000)
 Metaspace       used 49303K, capacity 51646K, committed 51800K, reserved 1093632K
  class space    used 6567K, capacity 6970K, committed 7040K, reserved 1048576K
}

