# JRE version: Java(TM) SE Runtime Environment (8.0_181-b13) (build 1.8.0_181-b13)
# Java VM: Java HotSpot(TM) 64-Bit Server VM (25.181-b13 mixed mode windows-amd64 compressed oops)
Heap:
 PSYoungGen      total 198144K, used 147211K [0x00000000d6100000, 0x00000000e4a80000, 0x0000000100000000)
  eden space 178176K, 82% used [0x00000000d6100000,0x00000000df0c2e28,0x00000000e0f00000)
  from space 19968K, 0% used [0x00000000e2a80000,0x00000000e2a80000,0x00000000e3e00000)
  to   space 28160K, 0% used [0x00000000e0f00000,0x00000000e0f00000,0x00000000e2a80000)
 ParOldGen       total 58368K, used 55767K [0x0000000082200000, 0x0000000085b00000, 0x00000000d6100000)
  object space 58368K, 95% used [0x0000000082200000,0x0000000085875fa0,0x0000000085b00000)
 Metaspace       used 37254K, capacity 39420K, committed 39680K, reserved 1083392K
  class space    used 4973K, capacity 5367K, committed 5376K, reserved 1048576K
GC Heap History (10 events):
Event: 2.634 GC heap before
{Heap before GC invocations=8 (full 1):
 PSYoungGen      total 86016K, used 84430K [0x00000000d6100000, 0x00000000de000000, 0x0000000100000000)
  eden space 70656K, 99% used [0x00000000d6100000,0x00000000da5f9290,0x00000000da600000)
  from space 15360K, 89% used [0x00000000db700000,0x00000000dc47a780,0x00000000dc600000)
  to   space 17408K, 0% used [0x00000000da600000,0x00000000da600000,0x00000000db700000)
 ParOldGen       total 58368K, used 21360K [0x0000000082200000, 0x0000000085b00000, 0x00000000d6100000)
  object space 58368K, 36% used [0x0000000082200000,0x00000000836dc338,0x0000000085b00000)
 Metaspace       used 27928K, capacity 29966K, committed 30208K, reserved 1075200K
  class space    used 3968K, capacity 4336K, committed 4352K, reserved 1048576K
Event: 2.643 GC heap after
Heap after GC invocations=8 (full 1):
 PSYoungGen      total 88064K, used 13596K [0x00000000d6100000, 0x00000000dff80000, 0x0000000100000000)
  eden space 70656K, 0% used [0x00000000d6100000,0x00000000d6100000,0x00000000da600000)
  from space 17408K, 78% used [0x00000000da600000,0x00000000db347200,0x00000000db700000)
  to   space 18432K, 0% used [0x00000000ded80000,0x00000000ded80000,0x00000000dff80000)
 ParOldGen       total 58368K, used 21368K [0x0000000082200000, 0x0000000085b00000, 0x00000000d6100000)
  object space 58368K, 36% used [0x0000000082200000,0x00000000836de338,0x0000000085b00000)
 Metaspace       used 27928K, capacity 29966K, committed 30208K, reserved 1075200K
  class space    used 3968K, capacity 4336K, committed 4352K, reserved 1048576K
}
Event: 2.658 GC heap before
{Heap before GC invocations=9 (full 1):
 PSYoungGen      total 88064K, used 84224K [0x00000000d6100000, 0x00000000dff80000, 0x0000000100000000)
  eden space 70656K, 99% used [0x00000000d6100000,0x00000000da5f8e08,0x00000000da600000)
  from space 17408K, 78% used [0x00000000da600000,0x00000000db347200,0x00000000db700000)
  to   space 18432K, 0% used [0x00000000ded80000,0x00000000ded80000,0x00000000dff80000)
 ParOldGen       total 58368K, used 21368K [0x0000000082200000, 0x0000000085b00000, 0x00000000d6100000)
  object space 58368K, 36% used [0x0000000082200000,0x00000000836de338,0x0000000085b00000)
 Metaspace       used 27928K, capacity 29966K, committed 30208K, reserved 1075200K
  class space    used 3968K, capacity 4336K, committed 4352K, reserved 1048576K
Event: 2.668 GC heap after
Heap after GC invocations=9 (full 1):
 PSYoungGen      total 143360K, used 13647K [0x00000000d6100000, 0x00000000e0580000, 0x0000000100000000)
  eden space 124928K, 0% used [0x00000000d6100000,0x00000000d6100000,0x00000000ddb00000)
  from space 18432K, 74% used [0x00000000ded80000,0x00000000dfad3c48,0x00000000dff80000)
  to   space 18944K, 0% used [0x00000000ddb00000,0x00000000ddb00000,0x00000000ded80000)
 ParOldGen       total 58368K, used 21376K [0x0000000082200000, 0x0000000085b00000, 0x00000000d6100000)
  object space 58368K, 36% used [0x0000000082200000,0x00000000836e0338,0x0000000085b00000)
 Metaspace       used 27928K, capacity 29966K, committed 30208K, reserved 1075200K
  class space    used 3968K, capacity 4336K, committed 4352K, reserved 1048576K
}
Event: 3.666 GC heap before
{Heap before GC invocations=10 (full 1):
 PSYoungGen      total 143360K, used 138575K [0x00000000d6100000, 0x00000000e0580000, 0x0000000100000000)
  eden space 124928K, 100% used [0x00000000d6100000,0x00000000ddb00000,0x00000000ddb00000)
  from space 18432K, 74% used [0x00000000ded80000,0x00000000dfad3c48,0x00000000dff80000)
  to   space 18944K, 0% used [0x00000000ddb00000,0x00000000ddb00000,0x00000000ded80000)
 ParOldGen       total 58368K, used 21376K [0x0000000082200000, 0x0000000085b00000, 0x00000000d6100000)
  object space 58368K, 36% used [0x0000000082200000,0x00000000836e0338,0x0000000085b00000)
 Metaspace       used 28821K, capacity 30900K, committed 31104K, reserved 1075200K
  class space    used 4029K, capacity 4397K, committed 4480K, reserved 1048576K
Event: 3.684 GC heap after
Heap after GC invocations=10 (full 1):
 PSYoungGen      total 143872K, used 15530K [0x00000000d6100000, 0x00000000e3e00000, 0x0000000100000000)
  eden space 124928K, 0% used [0x00000000d6100000,0x00000000d6100000,0x00000000ddb00000)
  from space 18944K, 81% used [0x00000000ddb00000,0x00000000dea2aa98,0x00000000ded80000)
  to   space 19968K, 0% used [0x00000000e2a80000,0x00000000e2a80000,0x00000000e3e00000)
 ParOldGen       total 58368K, used 23568K [0x0000000082200000, 0x0000000085b00000, 0x00000000d6100000)
  object space 58368K, 40% used [0x0000000082200000,0x0000000083904338,0x0000000085b00000)
 Metaspace       used 28821K, capacity 30900K, committed 31104K, reserved 1075200K
  class space    used 4029K, capacity 4397K, committed 4480K, reserved 1048576K
}
Event: 9.897 GC heap before
{Heap before GC invocations=11 (full 1):
 PSYoungGen      total 143872K, used 132863K [0x00000000d6100000, 0x00000000e3e00000, 0x0000000100000000)
  eden space 124928K, 93% used [0x00000000d6100000,0x00000000dd3951c8,0x00000000ddb00000)
  from space 18944K, 81% used [0x00000000ddb00000,0x00000000dea2aa98,0x00000000ded80000)
  to   space 19968K, 0% used [0x00000000e2a80000,0x00000000e2a80000,0x00000000e3e00000)
 ParOldGen       total 58368K, used 23568K [0x0000000082200000, 0x0000000085b00000, 0x00000000d6100000)
  object space 58368K, 40% used [0x0000000082200000,0x0000000083904338,0x0000000085b00000)
 Metaspace       used 33216K, capacity 35324K, committed 35456K, reserved 1079296K
  class space    used 4493K, capacity 4897K, committed 4992K, reserved 1048576K
Event: 9.913 GC heap after
Heap after GC invocations=11 (full 1):
 PSYoungGen      total 198144K, used 19958K [0x00000000d6100000, 0x00000000e4a80000, 0x0000000100000000)
  eden space 178176K, 0% used [0x00000000d6100000,0x00000000d6100000,0x00000000e0f00000)
  from space 19968K, 99% used [0x00000000e2a80000,0x00000000e3dfd8f8,0x00000000e3e00000)
  to   space 28160K, 0% used [0x00000000e0f00000,0x00000000e0f00000,0x00000000e2a80000)
 ParOldGen       total 58368K, used 38397K [0x0000000082200000, 0x0000000085b00000, 0x00000000d6100000)
  object space 58368K, 65% used [0x0000000082200000,0x000000008477f530,0x0000000085b00000)
 Metaspace       used 33216K, capacity 35324K, committed 35456K, reserved 1079296K
  class space    used 4493K, capacity 4897K, committed 4992K, reserved 1048576K
}
Event: 9.913 GC heap before
{Heap before GC invocations=12 (full 2):
 PSYoungGen      total 198144K, used 19958K [0x00000000d6100000, 0x00000000e4a80000, 0x0000000100000000)
  eden space 178176K, 0% used [0x00000000d6100000,0x00000000d6100000,0x00000000e0f00000)
  from space 19968K, 99% used [0x00000000e2a80000,0x00000000e3dfd8f8,0x00000000e3e00000)
  to   space 28160K, 0% used [0x00000000e0f00000,0x00000000e0f00000,0x00000000e2a80000)
 ParOldGen       total 58368K, used 38397K [0x0000000082200000, 0x0000000085b00000, 0x00000000d6100000)
  object space 58368K, 65% used [0x0000000082200000,0x000000008477f530,0x0000000085b00000)
 Metaspace       used 33216K, capacity 35324K, committed 35456K, reserved 1079296K
  class space    used 4493K, capacity 4897K, committed 4992K, reserved 1048576K
Event: 10.082 GC heap after
Heap after GC invocations=12 (full 2):
 PSYoungGen      total 198144K, used 0K [0x00000000d6100000, 0x00000000e4a80000, 0x0000000100000000)
  eden space 178176K, 0% used [0x00000000d6100000,0x00000000d6100000,0x00000000e0f00000)
  from space 19968K, 0% used [0x00000000e2a80000,0x00000000e2a80000,0x00000000e3e00000)
  to   space 28160K, 0% used [0x00000000e0f00000,0x00000000e0f00000,0x00000000e2a80000)
 ParOldGen       total 58368K, used 55767K [0x0000000082200000, 0x0000000085b00000, 0x00000000d6100000)
  object space 58368K, 95% used [0x0000000082200000,0x0000000085875fa0,0x0000000085b00000)
 Metaspace       used 33216K, capacity 35324K, committed 35456K, reserved 1079296K
  class space    used 4493K, capacity 4897K, committed 4992K, reserved 1048576K
}

