# JRE version: Java(TM) SE Runtime Environment (8.0_181-b13) (build 1.8.0_181-b13)
# Java VM: Java HotSpot(TM) 64-Bit Server VM (25.181-b13 mixed mode windows-amd64 compressed oops)
Heap:
 PSYoungGen      total 37888K, used 251K [0x00000000d6100000, 0x00000000d9580000, 0x0000000100000000)
  eden space 32768K, 0% used [0x00000000d6100000,0x00000000d6100000,0x00000000d8100000)
  from space 5120K, 4% used [0x00000000d8600000,0x00000000d863ede0,0x00000000d8b00000)
  to   space 5120K, 0% used [0x00000000d8100000,0x00000000d8100000,0x00000000d8600000)
 ParOldGen       total 61952K, used 5845K [0x0000000082200000, 0x0000000085e80000, 0x00000000d6100000)
  object space 61952K, 9% used [0x0000000082200000,0x00000000827b5730,0x0000000085e80000)
 Metaspace       used 17454K, capacity 18223K, committed 18432K, reserved 1083392K
  class space    used 2488K, capacity 2688K, committed 2816K, reserved 1048576K
GC Heap History (10 events):
Event: 0.749 GC heap after
Heap after GC invocations=2 (full 1):
 PSYoungGen      total 37888K, used 0K [0x00000000d6100000, 0x00000000d8b00000, 0x0000000100000000)
  eden space 32768K, 0% used [0x00000000d6100000,0x00000000d6100000,0x00000000d8100000)
  from space 5120K, 0% used [0x00000000d8100000,0x00000000d8100000,0x00000000d8600000)
  to   space 5120K, 0% used [0x00000000d8600000,0x00000000d8600000,0x00000000d8b00000)
 ParOldGen       total 61952K, used 2186K [0x0000000082200000, 0x0000000085e80000, 0x00000000d6100000)
  object space 61952K, 3% used [0x0000000082200000,0x0000000082422838,0x0000000085e80000)
 Metaspace       used 9890K, capacity 10210K, committed 10368K, reserved 1062912K
  class space    used 1270K, capacity 1367K, committed 1408K, reserved 1048576K
}
Event: 1.040 GC heap before
{Heap before GC invocations=3 (full 1):
 PSYoungGen      total 37888K, used 32731K [0x00000000d6100000, 0x00000000d8b00000, 0x0000000100000000)
  eden space 32768K, 99% used [0x00000000d6100000,0x00000000d80f6c80,0x00000000d8100000)
  from space 5120K, 0% used [0x00000000d8100000,0x00000000d8100000,0x00000000d8600000)
  to   space 5120K, 0% used [0x00000000d8600000,0x00000000d8600000,0x00000000d8b00000)
 ParOldGen       total 61952K, used 2186K [0x0000000082200000, 0x0000000085e80000, 0x00000000d6100000)
  object space 61952K, 3% used [0x0000000082200000,0x0000000082422838,0x0000000085e80000)
 Metaspace       used 15212K, capacity 15902K, committed 16256K, reserved 1067008K
  class space    used 2138K, capacity 2316K, committed 2432K, reserved 1048576K
Event: 1.042 GC heap after
Heap after GC invocations=3 (full 1):
 PSYoungGen      total 37888K, used 3213K [0x00000000d6100000, 0x00000000d9580000, 0x0000000100000000)
  eden space 32768K, 0% used [0x00000000d6100000,0x00000000d6100000,0x00000000d8100000)
  from space 5120K, 62% used [0x00000000d8600000,0x00000000d8923588,0x00000000d8b00000)
  to   space 5120K, 0% used [0x00000000d8100000,0x00000000d8100000,0x00000000d8600000)
 ParOldGen       total 61952K, used 2194K [0x0000000082200000, 0x0000000085e80000, 0x00000000d6100000)
  object space 61952K, 3% used [0x0000000082200000,0x0000000082424838,0x0000000085e80000)
 Metaspace       used 15212K, capacity 15902K, committed 16256K, reserved 1067008K
  class space    used 2138K, capacity 2316K, committed 2432K, reserved 1048576K
}
Event: 1.094 GC heap before
{Heap before GC invocations=4 (full 1):
 PSYoungGen      total 37888K, used 10831K [0x00000000d6100000, 0x00000000d9580000, 0x0000000100000000)
  eden space 32768K, 23% used [0x00000000d6100000,0x00000000d6870758,0x00000000d8100000)
  from space 5120K, 62% used [0x00000000d8600000,0x00000000d8923588,0x00000000d8b00000)
  to   space 5120K, 0% used [0x00000000d8100000,0x00000000d8100000,0x00000000d8600000)
 ParOldGen       total 61952K, used 2194K [0x0000000082200000, 0x0000000085e80000, 0x00000000d6100000)
  object space 61952K, 3% used [0x0000000082200000,0x0000000082424838,0x0000000085e80000)
 Metaspace       used 16895K, capacity 17632K, committed 17792K, reserved 1073152K
  class space    used 2389K, capacity 2581K, committed 2688K, reserved 1048576K
Event: 1.097 GC heap after
Heap after GC invocations=4 (full 1):
 PSYoungGen      total 37888K, used 4060K [0x00000000d6100000, 0x00000000d9580000, 0x0000000100000000)
  eden space 32768K, 0% used [0x00000000d6100000,0x00000000d6100000,0x00000000d8100000)
  from space 5120K, 79% used [0x00000000d8100000,0x00000000d84f7058,0x00000000d8600000)
  to   space 5120K, 0% used [0x00000000d8600000,0x00000000d8600000,0x00000000d8b00000)
 ParOldGen       total 61952K, used 2202K [0x0000000082200000, 0x0000000085e80000, 0x00000000d6100000)
  object space 61952K, 3% used [0x0000000082200000,0x0000000082426838,0x0000000085e80000)
 Metaspace       used 16895K, capacity 17632K, committed 17792K, reserved 1073152K
  class space    used 2389K, capacity 2581K, committed 2688K, reserved 1048576K
}
Event: 1.097 GC heap before
{Heap before GC invocations=5 (full 2):
 PSYoungGen      total 37888K, used 4060K [0x00000000d6100000, 0x00000000d9580000, 0x0000000100000000)
  eden space 32768K, 0% used [0x00000000d6100000,0x00000000d6100000,0x00000000d8100000)
  from space 5120K, 79% used [0x00000000d8100000,0x00000000d84f7058,0x00000000d8600000)
  to   space 5120K, 0% used [0x00000000d8600000,0x00000000d8600000,0x00000000d8b00000)
 ParOldGen       total 61952K, used 2202K [0x0000000082200000, 0x0000000085e80000, 0x00000000d6100000)
  object space 61952K, 3% used [0x0000000082200000,0x0000000082426838,0x0000000085e80000)
 Metaspace       used 16895K, capacity 17632K, committed 17792K, reserved 1073152K
  class space    used 2389K, capacity 2581K, committed 2688K, reserved 1048576K
Event: 1.124 GC heap after
Heap after GC invocations=5 (full 2):
 PSYoungGen      total 37888K, used 0K [0x00000000d6100000, 0x00000000d9580000, 0x0000000100000000)
  eden space 32768K, 0% used [0x00000000d6100000,0x00000000d6100000,0x00000000d8100000)
  from space 5120K, 0% used [0x00000000d8100000,0x00000000d8100000,0x00000000d8600000)
  to   space 5120K, 0% used [0x00000000d8600000,0x00000000d8600000,0x00000000d8b00000)
 ParOldGen       total 61952K, used 5845K [0x0000000082200000, 0x0000000085e80000, 0x00000000d6100000)
  object space 61952K, 9% used [0x0000000082200000,0x00000000827b5730,0x0000000085e80000)
 Metaspace       used 16895K, capacity 17632K, committed 17792K, reserved 1071104K
  class space    used 2389K, capacity 2581K, committed 2688K, reserved 1048576K
}
Event: 1.144 GC heap before
{Heap before GC invocations=6 (full 2):
 PSYoungGen      total 37888K, used 1592K [0x00000000d6100000, 0x00000000d9580000, 0x0000000100000000)
  eden space 32768K, 4% used [0x00000000d6100000,0x00000000d628e280,0x00000000d8100000)
  from space 5120K, 0% used [0x00000000d8100000,0x00000000d8100000,0x00000000d8600000)
  to   space 5120K, 0% used [0x00000000d8600000,0x00000000d8600000,0x00000000d8b00000)
 ParOldGen       total 61952K, used 5845K [0x0000000082200000, 0x0000000085e80000, 0x00000000d6100000)
  object space 61952K, 9% used [0x0000000082200000,0x00000000827b5730,0x0000000085e80000)
 Metaspace       used 17454K, capacity 18223K, committed 18432K, reserved 1083392K
  class space    used 2488K, capacity 2688K, committed 2816K, reserved 1048576K
Event: 1.145 GC heap after
Heap after GC invocations=6 (full 2):
 PSYoungGen      total 37888K, used 251K [0x00000000d6100000, 0x00000000d9580000, 0x0000000100000000)
  eden space 32768K, 0% used [0x00000000d6100000,0x00000000d6100000,0x00000000d8100000)
  from space 5120K, 4% used [0x00000000d8600000,0x00000000d863ede0,0x00000000d8b00000)
  to   space 5120K, 0% used [0x00000000d8100000,0x00000000d8100000,0x00000000d8600000)
 ParOldGen       total 61952K, used 5845K [0x0000000082200000, 0x0000000085e80000, 0x00000000d6100000)
  object space 61952K, 9% used [0x0000000082200000,0x00000000827b5730,0x0000000085e80000)
 Metaspace       used 17454K, capacity 18223K, committed 18432K, reserved 1083392K
  class space    used 2488K, capacity 2688K, committed 2816K, reserved 1048576K
}
Event: 1.145 GC heap before
{Heap before GC invocations=7 (full 3):
 PSYoungGen      total 37888K, used 251K [0x00000000d6100000, 0x00000000d9580000, 0x0000000100000000)
  eden space 32768K, 0% used [0x00000000d6100000,0x00000000d6100000,0x00000000d8100000)
  from space 5120K, 4% used [0x00000000d8600000,0x00000000d863ede0,0x00000000d8b00000)
  to   space 5120K, 0% used [0x00000000d8100000,0x00000000d8100000,0x00000000d8600000)
 ParOldGen       total 61952K, used 5845K [0x0000000082200000, 0x0000000085e80000, 0x00000000d6100000)
  object space 61952K, 9% used [0x0000000082200000,0x00000000827b5730,0x0000000085e80000)
 Metaspace       used 17454K, capacity 18223K, committed 18432K, reserved 1083392K
  class space    used 2488K, capacity 2688K, committed 2816K, reserved 1048576K

