# JRE version: Java(TM) SE Runtime Environment (8.0_181-b13) (build 1.8.0_181-b13)
# Java VM: Java HotSpot(TM) 64-Bit Server VM (25.181-b13 mixed mode windows-amd64 compressed oops)
Heap:
 PSYoungGen      total 159744K, used 86831K [0x00000000d6100000, 0x00000000e0600000, 0x0000000100000000)
  eden space 151552K, 54% used [0x00000000d6100000,0x00000000db22c680,0x00000000df500000)
  from space 8192K, 45% used [0x00000000dfe00000,0x00000000e019f978,0x00000000e0600000)
  to   space 8704K, 0% used [0x00000000df500000,0x00000000df500000,0x00000000dfd80000)
 ParOldGen       total 55808K, used 15460K [0x0000000082200000, 0x0000000085880000, 0x00000000d6100000)
  object space 55808K, 27% used [0x0000000082200000,0x0000000083119338,0x0000000085880000)
 Metaspace       used 28505K, capacity 30526K, committed 30848K, reserved 1075200K
  class space    used 3999K, capacity 4370K, committed 4480K, reserved 1048576K
GC Heap History (10 events):
Event: 1.585 GC heap before
{Heap before GC invocations=5 (full 1):
 PSYoungGen      total 37888K, used 32768K [0x00000000d6100000, 0x00000000dab00000, 0x0000000100000000)
  eden space 32768K, 100% used [0x00000000d6100000,0x00000000d8100000,0x00000000d8100000)
  from space 5120K, 0% used [0x00000000d8100000,0x00000000d8100000,0x00000000d8600000)
  to   space 5120K, 0% used [0x00000000da600000,0x00000000da600000,0x00000000dab00000)
 ParOldGen       total 55808K, used 7265K [0x0000000082200000, 0x0000000085880000, 0x00000000d6100000)
  object space 55808K, 13% used [0x0000000082200000,0x0000000082918490,0x0000000085880000)
 Metaspace       used 24746K, capacity 26264K, committed 26496K, reserved 1071104K
  class space    used 3573K, capacity 3887K, committed 3968K, reserved 1048576K
Event: 1.593 GC heap after
Heap after GC invocations=5 (full 1):
 PSYoungGen      total 56832K, used 5100K [0x00000000d6100000, 0x00000000dab00000, 0x0000000100000000)
  eden space 51712K, 0% used [0x00000000d6100000,0x00000000d6100000,0x00000000d9380000)
  from space 5120K, 99% used [0x00000000da600000,0x00000000daafb000,0x00000000dab00000)
  to   space 5120K, 0% used [0x00000000da100000,0x00000000da100000,0x00000000da600000)
 ParOldGen       total 55808K, used 8564K [0x0000000082200000, 0x0000000085880000, 0x00000000d6100000)
  object space 55808K, 15% used [0x0000000082200000,0x0000000082a5d2a8,0x0000000085880000)
 Metaspace       used 24746K, capacity 26264K, committed 26496K, reserved 1071104K
  class space    used 3573K, capacity 3887K, committed 3968K, reserved 1048576K
}
Event: 1.703 GC heap before
{Heap before GC invocations=6 (full 1):
 PSYoungGen      total 56832K, used 56747K [0x00000000d6100000, 0x00000000dab00000, 0x0000000100000000)
  eden space 51712K, 99% used [0x00000000d6100000,0x00000000d936fc80,0x00000000d9380000)
  from space 5120K, 99% used [0x00000000da600000,0x00000000daafb000,0x00000000dab00000)
  to   space 5120K, 0% used [0x00000000da100000,0x00000000da100000,0x00000000da600000)
 ParOldGen       total 55808K, used 8564K [0x0000000082200000, 0x0000000085880000, 0x00000000d6100000)
  object space 55808K, 15% used [0x0000000082200000,0x0000000082a5d2a8,0x0000000085880000)
 Metaspace       used 25127K, capacity 26684K, committed 26752K, reserved 1073152K
  class space    used 3596K, capacity 3919K, committed 3968K, reserved 1048576K
Event: 1.709 GC heap after
Heap after GC invocations=6 (full 1):
 PSYoungGen      total 70656K, used 5120K [0x00000000d6100000, 0x00000000dc300000, 0x0000000100000000)
  eden space 65536K, 0% used [0x00000000d6100000,0x00000000d6100000,0x00000000da100000)
  from space 5120K, 100% used [0x00000000da100000,0x00000000da600000,0x00000000da600000)
  to   space 8704K, 0% used [0x00000000dba80000,0x00000000dba80000,0x00000000dc300000)
 ParOldGen       total 55808K, used 11518K [0x0000000082200000, 0x0000000085880000, 0x00000000d6100000)
  object space 55808K, 20% used [0x0000000082200000,0x0000000082d3fb78,0x0000000085880000)
 Metaspace       used 25127K, capacity 26684K, committed 26752K, reserved 1073152K
  class space    used 3596K, capacity 3919K, committed 3968K, reserved 1048576K
}
Event: 1.726 GC heap before
{Heap before GC invocations=7 (full 1):
 PSYoungGen      total 70656K, used 70654K [0x00000000d6100000, 0x00000000dc300000, 0x0000000100000000)
  eden space 65536K, 99% used [0x00000000d6100000,0x00000000da0ff908,0x00000000da100000)
  from space 5120K, 100% used [0x00000000da100000,0x00000000da600000,0x00000000da600000)
  to   space 8704K, 0% used [0x00000000dba80000,0x00000000dba80000,0x00000000dc300000)
 ParOldGen       total 55808K, used 11518K [0x0000000082200000, 0x0000000085880000, 0x00000000d6100000)
  object space 55808K, 20% used [0x0000000082200000,0x0000000082d3fb78,0x0000000085880000)
 Metaspace       used 25154K, capacity 26684K, committed 26752K, reserved 1073152K
  class space    used 3596K, capacity 3919K, committed 3968K, reserved 1048576K
Event: 1.731 GC heap after
Heap after GC invocations=7 (full 1):
 PSYoungGen      total 91648K, used 5848K [0x00000000d6100000, 0x00000000de300000, 0x0000000100000000)
  eden space 82944K, 0% used [0x00000000d6100000,0x00000000d6100000,0x00000000db200000)
  from space 8704K, 67% used [0x00000000dba80000,0x00000000dc036340,0x00000000dc300000)
  to   space 8704K, 0% used [0x00000000db200000,0x00000000db200000,0x00000000dba80000)
 ParOldGen       total 55808K, used 11518K [0x0000000082200000, 0x0000000085880000, 0x00000000d6100000)
  object space 55808K, 20% used [0x0000000082200000,0x0000000082d3fb78,0x0000000085880000)
 Metaspace       used 25154K, capacity 26684K, committed 26752K, reserved 1073152K
  class space    used 3596K, capacity 3919K, committed 3968K, reserved 1048576K
}
Event: 1.755 GC heap before
{Heap before GC invocations=8 (full 1):
 PSYoungGen      total 91648K, used 88739K [0x00000000d6100000, 0x00000000de300000, 0x0000000100000000)
  eden space 82944K, 99% used [0x00000000d6100000,0x00000000db1f2a18,0x00000000db200000)
  from space 8704K, 67% used [0x00000000dba80000,0x00000000dc036340,0x00000000dc300000)
  to   space 8704K, 0% used [0x00000000db200000,0x00000000db200000,0x00000000dba80000)
 ParOldGen       total 55808K, used 11518K [0x0000000082200000, 0x0000000085880000, 0x00000000d6100000)
  object space 55808K, 20% used [0x0000000082200000,0x0000000082d3fb78,0x0000000085880000)
 Metaspace       used 25203K, capacity 26748K, committed 27008K, reserved 1073152K
  class space    used 3597K, capacity 3919K, committed 3968K, reserved 1048576K
Event: 1.764 GC heap after
Heap after GC invocations=8 (full 1):
 PSYoungGen      total 91648K, used 6688K [0x00000000d6100000, 0x00000000e0600000, 0x0000000100000000)
  eden space 82944K, 0% used [0x00000000d6100000,0x00000000d6100000,0x00000000db200000)
  from space 8704K, 76% used [0x00000000db200000,0x00000000db888348,0x00000000dba80000)
  to   space 8192K, 0% used [0x00000000dfe00000,0x00000000dfe00000,0x00000000e0600000)
 ParOldGen       total 55808K, used 11526K [0x0000000082200000, 0x0000000085880000, 0x00000000d6100000)
  object space 55808K, 20% used [0x0000000082200000,0x0000000082d41b78,0x0000000085880000)
 Metaspace       used 25203K, capacity 26748K, committed 27008K, reserved 1073152K
  class space    used 3597K, capacity 3919K, committed 3968K, reserved 1048576K
}
Event: 1.827 GC heap before
{Heap before GC invocations=9 (full 1):
 PSYoungGen      total 91648K, used 89632K [0x00000000d6100000, 0x00000000e0600000, 0x0000000100000000)
  eden space 82944K, 100% used [0x00000000d6100000,0x00000000db200000,0x00000000db200000)
  from space 8704K, 76% used [0x00000000db200000,0x00000000db888348,0x00000000dba80000)
  to   space 8192K, 0% used [0x00000000dfe00000,0x00000000dfe00000,0x00000000e0600000)
 ParOldGen       total 55808K, used 11526K [0x0000000082200000, 0x0000000085880000, 0x00000000d6100000)
  object space 55808K, 20% used [0x0000000082200000,0x0000000082d41b78,0x0000000085880000)
 Metaspace       used 25760K, capacity 27466K, committed 27648K, reserved 1073152K
  class space    used 3704K, capacity 4030K, committed 4096K, reserved 1048576K
Event: 1.833 GC heap after
Heap after GC invocations=9 (full 1):
 PSYoungGen      total 159744K, used 3710K [0x00000000d6100000, 0x00000000e0600000, 0x0000000100000000)
  eden space 151552K, 0% used [0x00000000d6100000,0x00000000d6100000,0x00000000df500000)
  from space 8192K, 45% used [0x00000000dfe00000,0x00000000e019f978,0x00000000e0600000)
  to   space 8704K, 0% used [0x00000000df500000,0x00000000df500000,0x00000000dfd80000)
 ParOldGen       total 55808K, used 15460K [0x0000000082200000, 0x0000000085880000, 0x00000000d6100000)
  object space 55808K, 27% used [0x0000000082200000,0x0000000083119338,0x0000000085880000)
 Metaspace       used 25760K, capacity 27466K, committed 27648K, reserved 1073152K
  class space    used 3704K, capacity 4030K, committed 4096K, reserved 1048576K
}

