# JRE version: Java(TM) SE Runtime Environment (8.0_181-b13) (build 1.8.0_181-b13)
# Java VM: Java HotSpot(TM) 64-Bit Server VM (25.181-b13 mixed mode windows-amd64 compressed oops)
Heap:
 PSYoungGen      total 161792K, used 157708K [0x00000000d6100000, 0x00000000e5700000, 0x0000000100000000)
  eden space 142848K, 99% used [0x00000000d6100000,0x00000000dec77040,0x00000000dec80000)
  from space 18944K, 78% used [0x00000000dec80000,0x00000000dfb0c160,0x00000000dff00000)
  to   space 19968K, 0% used [0x00000000e4380000,0x00000000e4380000,0x00000000e5700000)
 ParOldGen       total 55296K, used 27037K [0x0000000082200000, 0x0000000085800000, 0x00000000d6100000)
  object space 55296K, 48% used [0x0000000082200000,0x0000000083c67530,0x0000000085800000)
 Metaspace       used 30099K, capacity 32252K, committed 32384K, reserved 1077248K
  class space    used 4091K, capacity 4461K, committed 4480K, reserved 1048576K
GC Heap History (10 events):
Event: 2.298 GC heap before
{Heap before GC invocations=6 (full 1):
 PSYoungGen      total 57344K, used 57342K [0x00000000d6100000, 0x00000000dab00000, 0x0000000100000000)
  eden space 52224K, 100% used [0x00000000d6100000,0x00000000d9400000,0x00000000d9400000)
  from space 5120K, 99% used [0x00000000da600000,0x00000000daaffaa8,0x00000000dab00000)
  to   space 5120K, 0% used [0x00000000da100000,0x00000000da100000,0x00000000da600000)
 ParOldGen       total 55296K, used 8222K [0x0000000082200000, 0x0000000085800000, 0x00000000d6100000)
  object space 55296K, 14% used [0x0000000082200000,0x0000000082a07868,0x0000000085800000)
 Metaspace       used 26742K, capacity 28720K, committed 28800K, reserved 1073152K
  class space    used 3837K, capacity 4181K, committed 4224K, reserved 1048576K
Event: 2.321 GC heap after
Heap after GC invocations=6 (full 1):
 PSYoungGen      total 70656K, used 5120K [0x00000000d6100000, 0x00000000dd000000, 0x0000000100000000)
  eden space 65536K, 0% used [0x00000000d6100000,0x00000000d6100000,0x00000000da100000)
  from space 5120K, 100% used [0x00000000da100000,0x00000000da600000,0x00000000da600000)
  to   space 15872K, 0% used [0x00000000dc080000,0x00000000dc080000,0x00000000dd000000)
 ParOldGen       total 55296K, used 21951K [0x0000000082200000, 0x0000000085800000, 0x00000000d6100000)
  object space 55296K, 39% used [0x0000000082200000,0x000000008376fd70,0x0000000085800000)
 Metaspace       used 26742K, capacity 28720K, committed 28800K, reserved 1073152K
  class space    used 3837K, capacity 4181K, committed 4224K, reserved 1048576K
}
Event: 3.094 GC heap before
{Heap before GC invocations=7 (full 1):
 PSYoungGen      total 70656K, used 70620K [0x00000000d6100000, 0x00000000dd000000, 0x0000000100000000)
  eden space 65536K, 99% used [0x00000000d6100000,0x00000000da0f7030,0x00000000da100000)
  from space 5120K, 100% used [0x00000000da100000,0x00000000da600000,0x00000000da600000)
  to   space 15872K, 0% used [0x00000000dc080000,0x00000000dc080000,0x00000000dd000000)
 ParOldGen       total 55296K, used 21951K [0x0000000082200000, 0x0000000085800000, 0x00000000d6100000)
  object space 55296K, 39% used [0x0000000082200000,0x000000008376fd70,0x0000000085800000)
 Metaspace       used 28039K, capacity 30048K, committed 30208K, reserved 1075200K
  class space    used 3970K, capacity 4339K, committed 4352K, reserved 1048576K
Event: 3.105 GC heap after
Heap after GC invocations=7 (full 1):
 PSYoungGen      total 96256K, used 13190K [0x00000000d6100000, 0x00000000de480000, 0x0000000100000000)
  eden space 80384K, 0% used [0x00000000d6100000,0x00000000d6100000,0x00000000daf80000)
  from space 15872K, 83% used [0x00000000dc080000,0x00000000dcd619d0,0x00000000dd000000)
  to   space 17408K, 0% used [0x00000000daf80000,0x00000000daf80000,0x00000000dc080000)
 ParOldGen       total 55296K, used 21959K [0x0000000082200000, 0x0000000085800000, 0x00000000d6100000)
  object space 55296K, 39% used [0x0000000082200000,0x0000000083771d70,0x0000000085800000)
 Metaspace       used 28039K, capacity 30048K, committed 30208K, reserved 1075200K
  class space    used 3970K, capacity 4339K, committed 4352K, reserved 1048576K
}
Event: 3.123 GC heap before
{Heap before GC invocations=8 (full 1):
 PSYoungGen      total 96256K, used 93481K [0x00000000d6100000, 0x00000000de480000, 0x0000000100000000)
  eden space 80384K, 99% used [0x00000000d6100000,0x00000000daf68b58,0x00000000daf80000)
  from space 15872K, 83% used [0x00000000dc080000,0x00000000dcd619d0,0x00000000dd000000)
  to   space 17408K, 0% used [0x00000000daf80000,0x00000000daf80000,0x00000000dc080000)
 ParOldGen       total 55296K, used 21959K [0x0000000082200000, 0x0000000085800000, 0x00000000d6100000)
  object space 55296K, 39% used [0x0000000082200000,0x0000000083771d70,0x0000000085800000)
 Metaspace       used 28045K, capacity 30048K, committed 30208K, reserved 1075200K
  class space    used 3970K, capacity 4339K, committed 4352K, reserved 1048576K
Event: 3.133 GC heap after
Heap after GC invocations=8 (full 1):
 PSYoungGen      total 97792K, used 13300K [0x00000000d6100000, 0x00000000e1100000, 0x0000000100000000)
  eden space 80384K, 0% used [0x00000000d6100000,0x00000000d6100000,0x00000000daf80000)
  from space 17408K, 76% used [0x00000000daf80000,0x00000000dbc7d130,0x00000000dc080000)
  to   space 18432K, 0% used [0x00000000dff00000,0x00000000dff00000,0x00000000e1100000)
 ParOldGen       total 55296K, used 21967K [0x0000000082200000, 0x0000000085800000, 0x00000000d6100000)
  object space 55296K, 39% used [0x0000000082200000,0x0000000083773d70,0x0000000085800000)
 Metaspace       used 28045K, capacity 30048K, committed 30208K, reserved 1075200K
  class space    used 3970K, capacity 4339K, committed 4352K, reserved 1048576K
}
Event: 3.148 GC heap before
{Heap before GC invocations=9 (full 1):
 PSYoungGen      total 97792K, used 93594K [0x00000000d6100000, 0x00000000e1100000, 0x0000000100000000)
  eden space 80384K, 99% used [0x00000000d6100000,0x00000000daf69800,0x00000000daf80000)
  from space 17408K, 76% used [0x00000000daf80000,0x00000000dbc7d130,0x00000000dc080000)
  to   space 18432K, 0% used [0x00000000dff00000,0x00000000dff00000,0x00000000e1100000)
 ParOldGen       total 55296K, used 21967K [0x0000000082200000, 0x0000000085800000, 0x00000000d6100000)
  object space 55296K, 39% used [0x0000000082200000,0x0000000083773d70,0x0000000085800000)
 Metaspace       used 28045K, capacity 30048K, committed 30208K, reserved 1075200K
  class space    used 3970K, capacity 4339K, committed 4352K, reserved 1048576K
Event: 3.157 GC heap after
Heap after GC invocations=9 (full 1):
 PSYoungGen      total 161280K, used 13274K [0x00000000d6100000, 0x00000000e1700000, 0x0000000100000000)
  eden space 142848K, 0% used [0x00000000d6100000,0x00000000d6100000,0x00000000dec80000)
  from space 18432K, 72% used [0x00000000dff00000,0x00000000e0bf6810,0x00000000e1100000)
  to   space 18944K, 0% used [0x00000000dec80000,0x00000000dec80000,0x00000000dff00000)
 ParOldGen       total 55296K, used 21967K [0x0000000082200000, 0x0000000085800000, 0x00000000d6100000)
  object space 55296K, 39% used [0x0000000082200000,0x0000000083773d70,0x0000000085800000)
 Metaspace       used 28045K, capacity 30048K, committed 30208K, reserved 1075200K
  class space    used 3970K, capacity 4339K, committed 4352K, reserved 1048576K
}
Event: 5.420 GC heap before
{Heap before GC invocations=10 (full 1):
 PSYoungGen      total 161280K, used 156122K [0x00000000d6100000, 0x00000000e1700000, 0x0000000100000000)
  eden space 142848K, 100% used [0x00000000d6100000,0x00000000dec80000,0x00000000dec80000)
  from space 18432K, 72% used [0x00000000dff00000,0x00000000e0bf6810,0x00000000e1100000)
  to   space 18944K, 0% used [0x00000000dec80000,0x00000000dec80000,0x00000000dff00000)
 ParOldGen       total 55296K, used 21967K [0x0000000082200000, 0x0000000085800000, 0x00000000d6100000)
  object space 55296K, 39% used [0x0000000082200000,0x0000000083773d70,0x0000000085800000)
 Metaspace       used 29482K, capacity 31590K, committed 31872K, reserved 1077248K
  class space    used 4067K, capacity 4448K, committed 4480K, reserved 1048576K
Event: 5.433 GC heap after
Heap after GC invocations=10 (full 1):
 PSYoungGen      total 161792K, used 14896K [0x00000000d6100000, 0x00000000e5700000, 0x0000000100000000)
  eden space 142848K, 0% used [0x00000000d6100000,0x00000000d6100000,0x00000000dec80000)
  from space 18944K, 78% used [0x00000000dec80000,0x00000000dfb0c160,0x00000000dff00000)
  to   space 19968K, 0% used [0x00000000e4380000,0x00000000e4380000,0x00000000e5700000)
 ParOldGen       total 55296K, used 27037K [0x0000000082200000, 0x0000000085800000, 0x00000000d6100000)
  object space 55296K, 48% used [0x0000000082200000,0x0000000083c67530,0x0000000085800000)
 Metaspace       used 29482K, capacity 31590K, committed 31872K, reserved 1077248K
  class space    used 4067K, capacity 4448K, committed 4480K, reserved 1048576K
}

